2023-06-07 16:40:23,688 [INFO] Activator:176 - 


2023-06-07 16:40:23,703 [INFO] Activator:177 - !SESSION log4j initialized
2023-06-07 16:40:33,546 [INFO] LogOutputStream:77 - [STDOUT_REDIRECT] 
2023-06-07 16:41:00,452 [ERROR] LogOutputStream:75 - [STDERR_REDIRECT] SLF4J: Failed to load class "org.slf4j.impl.StaticLoggerBinder".
2023-06-07 16:41:00,452 [ERROR] LogOutputStream:75 - [STDERR_REDIRECT] SLF4J: Defaulting to no-operation (NOP) logger implementation
2023-06-07 16:41:00,452 [ERROR] LogOutputStream:75 - [STDERR_REDIRECT] SLF4J: See http://www.slf4j.org/codes.html#StaticLoggerBinder for further details.
2023-06-07 17:38:41,555 [INFO] ApplicationProperties:184 - Using Application install path: C:\ST\STM32CubeIDE_1.12.0\STM32CubeIDE\plugins\com.st.stm32cube.common.mx_6.8.0.202302231600
2023-06-07 17:38:41,586 [INFO] DbMcusXml:78 - Set database path to: C:\ST\STM32CubeIDE_1.12.0\STM32CubeIDE\plugins\com.st.stm32cube.common.mx_6.8.0.202302231600\\db\/mcu/
2023-06-07 17:38:41,586 [INFO] ApiDb:274 - Set plugin database path to: C:\ST\STM32CubeIDE_1.12.0\STM32CubeIDE\plugins\com.st.stm32cube.common.mx_6.8.0.202302231600\\db\/plugins/boardmanager/
2023-06-07 17:38:41,586 [WARN] ApiDb:259 - Overriding images path with different value:  => C:\ST\STM32CubeIDE_1.12.0\STM32CubeIDE\plugins\com.st.stm32cube.common.mx_6.8.0.202302231600\\db\/plugins/mcufinder/images/
2023-06-07 17:38:41,617 [INFO] ApiDb:250 - Set database path to: C:\Users\win 10\.stmcufinder\plugins\mcufinder//mcu/
2023-06-07 17:38:41,617 [INFO] DbMcusAds:125 - Set database path to: C:\Users\win 10\.stmcufinder\plugins\mcufinder//mcu/
2023-06-07 17:38:41,633 [INFO] CrossReferenceDbSqlite:203 - Set database path to: C:\Users\win 10\.stmcufinder\plugins\mcufinder//mcu/cs/
2023-06-07 17:38:41,774 [INFO] RulesReader:64 - Compatibility file has been processed (293 Rules)
2023-06-07 17:38:41,883 [INFO] DbMcusXml:78 - Set database path to: C:\ST\STM32CubeIDE_1.12.0\STM32CubeIDE\plugins\com.st.stm32cube.common.mx_6.8.0.202302231600\\db\/mcu/
2023-06-07 17:38:41,883 [INFO] ApiDb:274 - Set plugin database path to: C:\ST\STM32CubeIDE_1.12.0\STM32CubeIDE\plugins\com.st.stm32cube.common.mx_6.8.0.202302231600\\db\/plugins/boardmanager/
2023-06-07 17:38:41,883 [INFO] ApiDb:261 - Set plugin images path to: C:\ST\STM32CubeIDE_1.12.0\STM32CubeIDE\plugins\com.st.stm32cube.common.mx_6.8.0.202302231600\\db\/plugins/mcufinder/images/
2023-06-07 17:38:41,883 [WARN] DbFile:41 - Overriding database path with different value: C:\Users\win 10\.stmcufinder\plugins\mcufinder/ => C:\Users\win 10\.stmcufinder\plugins\mcufinder
2023-06-07 17:38:41,883 [INFO] ApiDb:250 - Set database path to: C:\Users\win 10\.stmcufinder\plugins\mcufinder//mcu/
2023-06-07 17:38:41,883 [WARN] DbFile:41 - Overriding database path with different value: C:\Users\win 10\.stmcufinder\plugins\mcufinder/ => C:\Users\win 10\.stmcufinder\plugins\mcufinder
2023-06-07 17:38:41,883 [INFO] DbMcusAds:125 - Set database path to: C:\Users\win 10\.stmcufinder\plugins\mcufinder//mcu/
2023-06-07 17:38:41,883 [WARN] DbFile:41 - Overriding database path with different value: C:\Users\win 10\.stmcufinder\plugins\mcufinder/ => C:\Users\win 10\.stmcufinder\plugins\mcufinder
2023-06-07 17:38:41,883 [WARN] DbFile:41 - Overriding database path with different value: C:\Users\win 10\.stmcufinder\plugins\mcufinder/ => C:\Users\win 10\.stmcufinder\plugins\mcufinder
2023-06-07 17:38:41,883 [INFO] CrossReferenceDbSqlite:203 - Set database path to: C:\Users\win 10\.stmcufinder\plugins\mcufinder//mcu/cs/
2023-06-07 17:38:41,993 [INFO] MainPanel:253 - HeapMemory: 579862528
2023-06-07 17:38:42,102 [INFO] DbMcusXml:78 - Set database path to: C:\ST\STM32CubeIDE_1.12.0\STM32CubeIDE\plugins\com.st.stm32cube.common.mx_6.8.0.202302231600\\db\/mcu/
2023-06-07 17:38:42,102 [INFO] ApiDb:274 - Set plugin database path to: C:\ST\STM32CubeIDE_1.12.0\STM32CubeIDE\plugins\com.st.stm32cube.common.mx_6.8.0.202302231600\\db\/plugins/boardmanager/
2023-06-07 17:38:42,102 [INFO] ApiDb:261 - Set plugin images path to: C:\ST\STM32CubeIDE_1.12.0\STM32CubeIDE\plugins\com.st.stm32cube.common.mx_6.8.0.202302231600\\db\/plugins/mcufinder/images/
2023-06-07 17:38:42,102 [WARN] DbFile:41 - Overriding database path with different value: C:\Users\win 10\.stmcufinder\plugins\mcufinder/ => C:\Users\win 10\.stmcufinder\plugins\mcufinder
2023-06-07 17:38:42,102 [INFO] ApiDb:250 - Set database path to: C:\Users\win 10\.stmcufinder\plugins\mcufinder//mcu/
2023-06-07 17:38:42,102 [WARN] DbFile:41 - Overriding database path with different value: C:\Users\win 10\.stmcufinder\plugins\mcufinder/ => C:\Users\win 10\.stmcufinder\plugins\mcufinder
2023-06-07 17:38:42,102 [INFO] DbMcusAds:125 - Set database path to: C:\Users\win 10\.stmcufinder\plugins\mcufinder//mcu/
2023-06-07 17:38:42,102 [WARN] DbFile:41 - Overriding database path with different value: C:\Users\win 10\.stmcufinder\plugins\mcufinder/ => C:\Users\win 10\.stmcufinder\plugins\mcufinder
2023-06-07 17:38:42,102 [WARN] DbFile:41 - Overriding database path with different value: C:\Users\win 10\.stmcufinder\plugins\mcufinder/ => C:\Users\win 10\.stmcufinder\plugins\mcufinder
2023-06-07 17:38:42,102 [INFO] CrossReferenceDbSqlite:203 - Set database path to: C:\Users\win 10\.stmcufinder\plugins\mcufinder//mcu/cs/
2023-06-07 17:38:42,118 [INFO] ApplicationProperties:184 - Using Application install path: C:\ST\STM32CubeIDE_1.12.0\STM32CubeIDE\plugins\com.st.stm32cube.common.mx_6.8.0.202302231600
2023-06-07 17:38:42,118 [INFO] PluginManage:196 - Search for loadable plugins [exclusion list=, ]
2023-06-07 17:38:42,118 [INFO] PluginManage:310 - Check plugin analytics
2023-06-07 17:38:47,338 [INFO] AnalyticsPlugin:253 - Accepted Software Licenses: STM32CubeMX.6.5.0
2023-06-07 17:38:47,354 [INFO] AnalyticsPlugin:255 - Accepted CMSIS Pack Licenses: 
2023-06-07 17:38:47,354 [INFO] AnalyticsPlugin:257 - Accepted Firmware Licenses: 
2023-06-07 17:38:47,354 [INFO] PluginManage:359 - Loaded plugin analytics (category:tool,tabindex:-1)
2023-06-07 17:38:47,354 [INFO] PluginManage:310 - Check plugin cadmodel
2023-06-07 17:38:47,369 [INFO] CADModel:105 - Init CAD model plugin
2023-06-07 17:38:47,369 [INFO] PluginManage:359 - Loaded plugin cadmodel (category:power,tabindex:5)
2023-06-07 17:38:47,369 [INFO] PluginManage:310 - Check plugin clock
2023-06-07 17:38:47,385 [INFO] PluginManage:359 - Loaded plugin clock (category:base,tabindex:2)
2023-06-07 17:38:47,385 [INFO] PluginManage:310 - Check plugin ddr
2023-06-07 17:38:47,400 [INFO] PluginManage:359 - Loaded plugin ddr (category:tool,tabindex:6)
2023-06-07 17:38:47,400 [INFO] PluginManage:310 - Check plugin filemanager
2023-06-07 17:38:47,557 [INFO] PluginManage:359 - Loaded plugin filemanager (category:base,tabindex:10)
2023-06-07 17:38:47,557 [INFO] PluginManage:310 - Check plugin ipmanager
2023-06-07 17:38:47,572 [INFO] PluginManage:359 - Loaded plugin ipmanager (category:base,tabindex:5)
2023-06-07 17:38:47,572 [INFO] PluginManage:310 - Check plugin lpbam
2023-06-07 17:38:47,588 [INFO] PluginManage:359 - Loaded plugin lpbam (category:base,tabindex:0)
2023-06-07 17:38:47,588 [INFO] PluginManage:310 - Check plugin pinoutandconfiguration
2023-06-07 17:38:47,604 [INFO] PluginManage:359 - Loaded plugin pinoutandconfiguration (category:base,tabindex:1)
2023-06-07 17:38:47,604 [INFO] PluginManage:310 - Check plugin pinoutconfig
2023-06-07 17:38:47,729 [WARN] SupportedApi:132 - Cannot load RTOS API schema: s4s-elt-must-match.1: The content of 'definitions' must match (annotation?, (simpleType | complexType)?, (unique | key | keyref)*)). A problem was found starting at: attribute.
2023-06-07 17:38:47,916 [INFO] PluginManage:359 - Loaded plugin pinoutconfig (category:base,tabindex:0)
2023-06-07 17:38:47,916 [INFO] PluginManage:310 - Check plugin power
2023-06-07 17:38:47,947 [INFO] PluginManage:359 - Loaded plugin power (category:power,tabindex:4)
2023-06-07 17:38:47,947 [INFO] PluginManage:310 - Check plugin projectmanager
2023-06-07 17:38:47,963 [INFO] PluginManage:359 - Loaded plugin projectmanager (category:projectmanager,tabindex:3)
2023-06-07 17:38:47,963 [INFO] PluginManage:310 - Check plugin thirdparty
2023-06-07 17:38:48,260 [INFO] PluginManage:359 - Loaded plugin thirdparty (category:base,tabindex:-1)
2023-06-07 17:38:48,260 [WARN] IntegrityCheckThread:84 - waiting for thirdparty lock release [integrity check]
2023-06-07 17:38:48,260 [INFO] PluginManage:310 - Check plugin tools
2023-06-07 17:38:48,260 [INFO] IntegrityCheckThread:86 - entering critical section [integrity check]
2023-06-07 17:38:48,260 [INFO] ThirdPartyUpdaterWithRetryManager:70 - Updater plugin not ready yet. [1/15]
2023-06-07 17:38:48,291 [INFO] PluginManage:359 - Loaded plugin tools (category:base,tabindex:7)
2023-06-07 17:38:48,291 [INFO] PluginManage:310 - Check plugin tutovideos
2023-06-07 17:38:48,557 [INFO] PluginManage:359 - Loaded plugin tutovideos (category:base,tabindex:-1)
2023-06-07 17:38:48,557 [INFO] PluginManage:310 - Check plugin updater
2023-06-07 17:38:48,588 [INFO] PluginManage:359 - Loaded plugin updater (category:base,tabindex:12)
2023-06-07 17:38:48,588 [INFO] PluginManage:283 - PluginManage : Loaded plugins [15]
2023-06-07 17:38:48,948 [INFO] PinOutPanel:1499 - setPackage(No Configuration,No Configuration)
2023-06-07 17:38:49,057 [INFO] CADModel:165 - CPN selected for project level
2023-06-07 17:38:49,057 [INFO] CADModel:114 - Register for checkConnection events
2023-06-07 17:38:49,088 [INFO] IPUIPlugin:80 - create IPUIPlugin
2023-06-07 17:38:49,088 [INFO] PluginManager:220 - loadIPPluginJar : add adc
2023-06-07 17:38:49,135 [INFO] IPUIPlugin:80 - create IPUIPlugin
2023-06-07 17:38:49,135 [INFO] PluginManager:220 - loadIPPluginJar : add aes
2023-06-07 17:38:49,167 [INFO] IPUIPlugin:80 - create IPUIPlugin
2023-06-07 17:38:49,167 [INFO] PluginManager:220 - loadIPPluginJar : add can
2023-06-07 17:38:49,198 [INFO] IPUIPlugin:80 - create IPUIPlugin
2023-06-07 17:38:49,198 [INFO] PluginManager:220 - loadIPPluginJar : add comp
2023-06-07 17:38:49,229 [INFO] IPUIPlugin:80 - create IPUIPlugin
2023-06-07 17:38:49,229 [INFO] PluginManager:220 - loadIPPluginJar : add cryp
2023-06-07 17:38:49,260 [INFO] IPUIPlugin:80 - create IPUIPlugin
2023-06-07 17:38:49,260 [INFO] PluginManager:220 - loadIPPluginJar : add dfsdm
2023-06-07 17:38:49,276 [INFO] IPUIPlugin:80 - create IPUIPlugin
2023-06-07 17:38:49,276 [INFO] PluginManager:220 - loadIPPluginJar : add dma
2023-06-07 17:38:49,323 [INFO] IPUIPlugin:80 - create IPUIPlugin
2023-06-07 17:38:49,323 [INFO] PluginManager:220 - loadIPPluginJar : add dma3
2023-06-07 17:38:49,339 [INFO] IPUIPlugin:80 - create IPUIPlugin
2023-06-07 17:38:49,339 [INFO] PluginManager:220 - loadIPPluginJar : add fatfs
2023-06-07 17:38:49,401 [INFO] IPUIPlugin:80 - create IPUIPlugin
2023-06-07 17:38:49,401 [INFO] PluginManager:220 - loadIPPluginJar : add fmc
2023-06-07 17:38:49,417 [INFO] IPUIPlugin:80 - create IPUIPlugin
2023-06-07 17:38:49,417 [INFO] PluginManager:220 - loadIPPluginJar : add freertos
2023-06-07 17:38:49,432 [INFO] IPUIPlugin:80 - create IPUIPlugin
2023-06-07 17:38:49,432 [INFO] PluginManager:220 - loadIPPluginJar : add genericplugin
2023-06-07 17:38:49,557 [INFO] IPUIPlugin:80 - create IPUIPlugin
2023-06-07 17:38:49,557 [INFO] PluginManager:220 - loadIPPluginJar : add gfxmmu
2023-06-07 17:38:49,682 [INFO] IPUIPlugin:80 - create IPUIPlugin
2023-06-07 17:38:49,682 [INFO] PluginManager:220 - loadIPPluginJar : add gic
2023-06-07 17:38:49,698 [INFO] IPUIPlugin:80 - create IPUIPlugin
2023-06-07 17:38:49,698 [INFO] PluginManager:220 - loadIPPluginJar : add gpio
2023-06-07 17:38:49,823 [INFO] IPUIPlugin:80 - create IPUIPlugin
2023-06-07 17:38:49,823 [INFO] PluginManager:220 - loadIPPluginJar : add gtzc
2023-06-07 17:38:49,854 [INFO] IPUIPlugin:80 - create IPUIPlugin
2023-06-07 17:38:49,854 [INFO] PluginManager:220 - loadIPPluginJar : add hash
2023-06-07 17:38:49,917 [INFO] IPUIPlugin:80 - create IPUIPlugin
2023-06-07 17:38:49,917 [INFO] PluginManager:220 - loadIPPluginJar : add i2c
2023-06-07 17:38:49,964 [INFO] IPUIPlugin:80 - create IPUIPlugin
2023-06-07 17:38:49,964 [INFO] PluginManager:220 - loadIPPluginJar : add i2s
2023-06-07 17:38:50,011 [INFO] IPUIPlugin:80 - create IPUIPlugin
2023-06-07 17:38:50,011 [INFO] PluginManager:220 - loadIPPluginJar : add i3c
2023-06-07 17:38:50,120 [INFO] IPUIPlugin:80 - create IPUIPlugin
2023-06-07 17:38:50,120 [INFO] PluginManager:220 - loadIPPluginJar : add ipddr
2023-06-07 17:38:50,214 [INFO] IPUIPlugin:80 - create IPUIPlugin
2023-06-07 17:38:50,214 [INFO] PluginManager:220 - loadIPPluginJar : add linkedlist
2023-06-07 17:38:50,245 [INFO] IPUIPlugin:80 - create IPUIPlugin
2023-06-07 17:38:50,245 [INFO] PluginManager:220 - loadIPPluginJar : add lorawan
2023-06-07 17:38:50,276 [INFO] IPUIPlugin:80 - create IPUIPlugin
2023-06-07 17:38:50,292 [INFO] PluginManager:220 - loadIPPluginJar : add ltdc
2023-06-07 17:38:50,308 [INFO] IPUIPlugin:80 - create IPUIPlugin
2023-06-07 17:38:50,308 [INFO] PluginManager:220 - loadIPPluginJar : add mdma
2023-06-07 17:38:50,323 [INFO] IPUIPlugin:80 - create IPUIPlugin
2023-06-07 17:38:50,323 [INFO] PluginManager:220 - loadIPPluginJar : add nvic
2023-06-07 17:38:50,354 [INFO] IPUIPlugin:80 - create IPUIPlugin
2023-06-07 17:38:50,354 [INFO] PluginManager:220 - loadIPPluginJar : add opamp
2023-06-07 17:38:50,433 [INFO] IPUIPlugin:80 - create IPUIPlugin
2023-06-07 17:38:50,433 [INFO] PluginManager:220 - loadIPPluginJar : add openamp
2023-06-07 17:38:50,464 [INFO] IPUIPlugin:80 - create IPUIPlugin
2023-06-07 17:38:50,464 [INFO] PluginManager:220 - loadIPPluginJar : add pdm2pcm
2023-06-07 17:38:50,495 [INFO] IPUIPlugin:80 - create IPUIPlugin
2023-06-07 17:38:50,495 [INFO] PluginManager:220 - loadIPPluginJar : add plateformsettings
2023-06-07 17:38:50,511 [INFO] IPUIPlugin:80 - create IPUIPlugin
2023-06-07 17:38:50,511 [INFO] PluginManager:220 - loadIPPluginJar : add quadspi
2023-06-07 17:38:50,526 [INFO] IPUIPlugin:80 - create IPUIPlugin
2023-06-07 17:38:50,526 [INFO] PluginManager:220 - loadIPPluginJar : add resmgrutility
2023-06-07 17:38:50,573 [INFO] IPUIPlugin:80 - create IPUIPlugin
2023-06-07 17:38:50,573 [INFO] PluginManager:220 - loadIPPluginJar : add sai
2023-06-07 17:38:50,620 [INFO] IPUIPlugin:80 - create IPUIPlugin
2023-06-07 17:38:50,620 [INFO] PluginManager:220 - loadIPPluginJar : add spi
2023-06-07 17:38:50,683 [INFO] IPUIPlugin:80 - create IPUIPlugin
2023-06-07 17:38:50,683 [INFO] PluginManager:220 - loadIPPluginJar : add stm32_wpan
2023-06-07 17:38:50,698 [INFO] IPUIPlugin:80 - create IPUIPlugin
2023-06-07 17:38:50,698 [INFO] PluginManager:220 - loadIPPluginJar : add tim
2023-06-07 17:38:50,761 [INFO] IPUIPlugin:80 - create IPUIPlugin
2023-06-07 17:38:50,761 [INFO] PluginManager:220 - loadIPPluginJar : add touchsensing
2023-06-07 17:38:50,776 [INFO] IPUIPlugin:80 - create IPUIPlugin
2023-06-07 17:38:50,776 [INFO] PluginManager:220 - loadIPPluginJar : add tracer_emb
2023-06-07 17:38:50,808 [INFO] IPUIPlugin:80 - create IPUIPlugin
2023-06-07 17:38:50,808 [INFO] PluginManager:220 - loadIPPluginJar : add ts
2023-06-07 17:38:50,823 [INFO] IPUIPlugin:80 - create IPUIPlugin
2023-06-07 17:38:50,823 [INFO] PluginManager:220 - loadIPPluginJar : add tsc
2023-06-07 17:38:50,855 [INFO] IPUIPlugin:80 - create IPUIPlugin
2023-06-07 17:38:50,855 [INFO] PluginManager:220 - loadIPPluginJar : add ucpd
2023-06-07 17:38:50,902 [INFO] IPUIPlugin:80 - create IPUIPlugin
2023-06-07 17:38:50,902 [INFO] PluginManager:220 - loadIPPluginJar : add usart
2023-06-07 17:38:50,948 [INFO] IPUIPlugin:80 - create IPUIPlugin
2023-06-07 17:38:50,948 [INFO] PluginManager:220 - loadIPPluginJar : add usbx
2023-06-07 17:38:51,101 [INFO] CADModel:165 - CPN selected for project level
2023-06-07 17:38:51,101 [INFO] CADModel:114 - Register for checkConnection events
2023-06-07 17:38:51,101 [FATAL] Updater:308 - Updater called before beeing initialized
2023-06-07 17:38:51,101 [ERROR] CADModel:125 - Updater not yet initialized, retry later 
2023-06-07 17:38:51,273 [INFO] ThirdPartyUpdaterWithRetryManager:70 - Updater plugin not ready yet. [2/15]
2023-06-07 17:38:51,289 [INFO] CADModel:165 - CPN selected for project level
2023-06-07 17:38:51,289 [INFO] CADModel:114 - Register for checkConnection events
2023-06-07 17:38:51,289 [FATAL] Updater:308 - Updater called before beeing initialized
2023-06-07 17:38:51,289 [ERROR] CADModel:125 - Updater not yet initialized, retry later 
2023-06-07 17:38:51,305 [FATAL] Updater:308 - Updater called before beeing initialized
2023-06-07 17:38:51,476 [FATAL] Updater:308 - Updater called before beeing initialized
2023-06-07 17:38:51,492 [INFO] DbMcusAds:53 - JSON generation date=Tue Mar 07 15:50:55 ICT 2023 (1678179055335)
2023-06-07 17:38:51,492 [FATAL] Updater:308 - Updater called before beeing initialized
2023-06-07 17:38:51,602 [WARN] DetailPanel:346 - Failed to get advertising image, set to default
2023-06-07 17:38:51,758 [FATAL] Updater:308 - Updater called before beeing initialized
2023-06-07 17:38:51,773 [FATAL] Updater:308 - Updater called before beeing initialized
2023-06-07 17:38:51,773 [FATAL] Updater:308 - Updater called before beeing initialized
2023-06-07 17:38:51,773 [WARN] DetailPanel:346 - Failed to get advertising image, set to default
2023-06-07 17:38:51,773 [FATAL] Updater:308 - Updater called before beeing initialized
2023-06-07 17:38:51,867 [ERROR] Updater:1120 - MainUpdater not yet initialized. External WinMGr cannot be set.
2023-06-07 17:38:51,883 [INFO] Updater:1056 - Updater Version found : 6.8.0
2023-06-07 17:38:51,914 [INFO] ApplicationProperties:184 - Using Application install path: C:\ST\STM32CubeIDE_1.12.0\STM32CubeIDE\plugins\com.st.stm32cube.common.mx_6.8.0.202302231600
2023-06-07 17:38:52,086 [INFO] MainUpdater:519 - Copy updater definitions from MX database
2023-06-07 17:38:52,336 [INFO] MainUpdater:2854 - connection check result : 10
2023-06-07 17:38:52,336 [INFO] MainUpdater:3548 - Updater definition file requires update
2023-06-07 17:38:52,336 [INFO] MainUpdater:283 - Updater Check For Update Now.
2023-06-07 17:38:52,336 [INFO] MicroXplorer:498 - Change Database Version : DB.6.0.80
2023-06-07 17:38:52,602 [INFO] ServerAccessManage:473 - Download File updaters.zip
2023-06-07 17:38:52,727 [INFO] FileExtend:240 - Unzip File : updaters.zip
2023-06-07 17:38:52,727 [INFO] FileExtend:255 - Standard Zip Deflate
2023-06-07 17:38:53,540 [INFO] ServerAccessManage:473 - Download File PacksControlFlags.xml
2023-06-07 17:38:53,712 [INFO] ServerAccessManage:473 - Download File cubemx.pidx
2023-06-07 17:38:53,821 [INFO] LoadServerUpdatesThread:373 - End of LoadServerUpdate Thread
2023-06-07 17:38:53,993 [INFO] CheckServerUpdateThread:120 - End of CheckServer Thread
2023-06-07 17:38:54,196 [INFO] MainUpdater:2854 - connection check result : 10
2023-06-07 17:38:54,196 [INFO] MainUpdater:2854 - connection check result : 10
2023-06-07 17:38:54,477 [INFO] MicroXplorer:468 - Change Database Path : 
2023-06-07 17:38:54,477 [INFO] MicroXplorer:498 - Change Database Version : DB.6.0.80
2023-06-07 17:38:54,477 [WARN] ThirdParty:871 - waiting for thirdparty lock release [close project]
2023-06-07 17:38:54,696 [WARN] PackLoader:240 - Cannot read IP mode file for STMicroelectronics.X-CUBE-GNSS1.6.0.0
2023-06-07 17:38:54,790 [WARN] PackLoader:240 - Cannot read IP mode file for STMicroelectronics.X-CUBE-AZRTOS-F4.1.1.0
2023-06-07 17:38:54,821 [WARN] PackLoader:240 - Cannot read IP mode file for STMicroelectronics.X-CUBE-SMBUS.2.1.0
2023-06-07 17:38:54,931 [WARN] PackLoader:240 - Cannot read IP mode file for STMicroelectronics.X-CUBE-MEMS1.9.2.0
2023-06-07 17:38:55,212 [WARN] PackLoader:240 - Cannot read IP mode file for STMicroelectronics.X-CUBE-BLEMGR.1.2.0
2023-06-07 17:38:55,259 [WARN] PackLoader:240 - Cannot read IP mode file for STMicroelectronics.X-CUBE-AZRTOS-F7.1.1.0
2023-06-07 17:38:55,369 [WARN] PackLoader:240 - Cannot read IP mode file for STMicroelectronics.X-CUBE-MEMS1.9.6.0
2023-06-07 17:38:55,635 [WARN] PackLoader:240 - Cannot read IP mode file for STMicroelectronics.X-CUBE-AI.7.1.0
2023-06-07 17:38:55,650 [WARN] PackLoader:240 - Cannot read IP mode file for STMicroelectronics.X-CUBE-TOUCHGFX.4.19.1
2023-06-07 17:38:55,666 [ERROR] RealEvaluatedCondition:428 - Found unsupported composite condition: CLASS='Data Exchange' GROUP='STM32_MetaDataManager'
2023-06-07 17:38:55,666 [ERROR] RealEvaluatedCondition:428 - Found unsupported composite condition: CLASS='Data Exchange' GROUP='STM32_MetaDataManager'
2023-06-07 17:38:55,666 [WARN] PackLoader:240 - Cannot read IP mode file for STMicroelectronics.FP-SNS-MOTENV1.4.3.0
2023-06-07 17:38:55,682 [WARN] PackLoader:240 - Cannot read IP mode file for STMicroelectronics.FP-SNS-FLIGHT1.5.0.0
2023-06-07 17:38:55,713 [ERROR] RealEvaluatedCondition:428 - Found unsupported composite condition: CLASS='Data Exchange' GROUP='STM32_MetaDataManager'
2023-06-07 17:38:55,713 [ERROR] RealEvaluatedCondition:428 - Found unsupported composite condition: CLASS='Data Exchange' GROUP='STM32_MetaDataManager'
2023-06-07 17:38:55,713 [WARN] PackLoader:240 - Cannot read IP mode file for STMicroelectronics.FP-SNS-MOTENV1.4.3.1
2023-06-07 17:38:55,729 [WARN] PackLoader:240 - Cannot read IP mode file for STMicroelectronics.FP-SNS-FLIGHT1.5.0.1
2023-06-07 17:38:55,744 [WARN] PackLoader:240 - Cannot read IP mode file for STMicroelectronics.X-CUBE-BLE1.6.2.3
2023-06-07 17:38:55,775 [WARN] PackLoader:240 - Cannot read IP mode file for STMicroelectronics.X-CUBE-BLE1.6.2.4
2023-06-07 17:38:55,791 [WARN] PackLoader:240 - Cannot read IP mode file for STMicroelectronics.X-CUBE-BLEMGR.2.0.0
2023-06-07 17:38:55,822 [WARN] PackLoader:240 - Cannot read IP mode file for STMicroelectronics.X-CUBE-NFC4.2.0.5
2023-06-07 17:38:55,838 [WARN] PackLoader:240 - Cannot read IP mode file for STMicroelectronics.X-CUBE-NFC4.2.0.4
2023-06-07 17:38:55,854 [WARN] PackLoader:240 - Cannot read IP mode file for STMicroelectronics.X-CUBE-BLE2.3.2.2
2023-06-07 17:38:55,900 [WARN] ConditionMgr:438 - getConditionDescription Invalid condition id : UX DEVICE CLASS RTOS Condition cause : null
2023-06-07 17:38:55,916 [WARN] ConditionMgr:438 - getConditionDescription Invalid condition id : UX DEVICE CLASS RTOS Condition cause : null
2023-06-07 17:38:55,916 [WARN] PackLoader:240 - Cannot read IP mode file for STMicroelectronics.X-CUBE-AZRTOS-H7.3.1.0
2023-06-07 17:38:55,916 [WARN] ConditionMgr:1039 - genDependencies : Invalid condition id : UX DEVICE CLASS RTOS Condition cause : null
2023-06-07 17:38:55,916 [WARN] ConditionMgr:1039 - genDependencies : Invalid condition id : UX DEVICE CLASS RTOS Condition cause : null
2023-06-07 17:38:55,916 [WARN] ConditionMgr:1039 - genDependencies : Invalid condition id : UX DEVICE CLASS RTOS Condition cause : null
2023-06-07 17:38:55,916 [WARN] ConditionMgr:1039 - genDependencies : Invalid condition id : UX DEVICE CLASS RTOS Condition cause : null
2023-06-07 17:38:55,916 [WARN] ConditionMgr:1039 - genDependencies : Invalid condition id : UX DEVICE CLASS RTOS Condition cause : null
2023-06-07 17:38:55,947 [WARN] PackLoader:240 - Cannot read IP mode file for STMicroelectronics.X-CUBE-TOF1.3.1.0
2023-06-07 17:38:55,963 [WARN] PackLoader:240 - Cannot read IP mode file for STMicroelectronics.X-CUBE-SFXS2LP1.3.1.0
2023-06-07 17:38:55,994 [WARN] PackLoader:240 - Cannot read IP mode file for STMicroelectronics.X-CUBE-DISPLAY.3.0.0
2023-06-07 17:38:56,026 [WARN] PackLoader:240 - Cannot read IP mode file for STMicroelectronics.X-CUBE-AZRTOS-F4.1.0.0
2023-06-07 17:38:56,057 [WARN] PackLoader:240 - Cannot read IP mode file for wolfSSL.I-CUBE-wolfSSL.5.5.1
2023-06-07 17:38:56,072 [WARN] PackLoader:240 - Cannot read IP mode file for STMicroelectronics.X-CUBE-NFC7.1.0.0
2023-06-07 17:38:56,151 [WARN] PackLoader:240 - Cannot read IP mode file for STMicroelectronics.X-CUBE-MEMS1.9.3.0
2023-06-07 17:38:56,385 [WARN] PackLoader:240 - Cannot read IP mode file for STMicroelectronics.X-CUBE-AI.7.2.0
2023-06-07 17:38:56,432 [INFO] LogOutputStream:77 - [STDOUT_REDIRECT] 1 : Invalid condition id : UX_CORESTACK_Condition cause : null
2023-06-07 17:38:56,432 [INFO] LogOutputStream:77 - [STDOUT_REDIRECT] 1 : Invalid condition id : UX_CORESTACK_Condition cause : null
2023-06-07 17:38:56,432 [INFO] LogOutputStream:77 - [STDOUT_REDIRECT] 1 : Invalid condition id : UX_CORESTACK_Condition cause : null
2023-06-07 17:38:56,432 [INFO] LogOutputStream:77 - [STDOUT_REDIRECT] 1 : Invalid condition id : UX_CORESTACK_Condition cause : null
2023-06-07 17:38:56,432 [INFO] LogOutputStream:77 - [STDOUT_REDIRECT] 1 : Invalid condition id : UX_CORESTACK_Condition cause : null
2023-06-07 17:38:56,448 [WARN] PackLoader:240 - Cannot read IP mode file for STMicroelectronics.X-CUBE-AZRTOS-WL.2.0.0
2023-06-07 17:38:56,510 [WARN] PackLoader:240 - Cannot read IP mode file for STMicroelectronics.X-CUBE-AZRTOS-G0.1.0.0
2023-06-07 17:38:56,557 [WARN] ConditionMgr:438 - getConditionDescription Invalid condition id : LAN8742 Phy interface Condition cause : null
2023-06-07 17:38:56,557 [WARN] PackLoader:240 - Cannot read IP mode file for STMicroelectronics.X-CUBE-AZRTOS-L4.2.0.0
2023-06-07 17:38:56,557 [WARN] ConditionMgr:1039 - genDependencies : Invalid condition id : LAN8742 Phy interface Condition cause : null
2023-06-07 17:38:56,557 [WARN] ConditionMgr:1039 - genDependencies : Invalid condition id : LAN8742 Phy interface Condition cause : null
2023-06-07 17:38:56,557 [WARN] ConditionMgr:1039 - genDependencies : Invalid condition id : LAN8742 Phy interface Condition cause : null
2023-06-07 17:38:56,588 [WARN] PackLoader:240 - Cannot read IP mode file for WES.I-CUBE-Cesium.1.3.0
2023-06-07 17:38:56,604 [WARN] PackLoader:240 - Cannot read IP mode file for STMicroelectronics.X-CUBE-SFXS2LP1.4.0.0
2023-06-07 17:38:56,619 [WARN] PackLoader:240 - Cannot read IP mode file for STMicroelectronics.X-CUBE-BLE2.3.3.0
2023-06-07 17:38:56,651 [WARN] PackLoader:240 - Cannot read IP mode file for STMicroelectronics.X-CUBE-DISPLAY.2.2.0
2023-06-07 17:38:56,682 [WARN] PackLoader:240 - Cannot read IP mode file for STMicroelectronics.X-CUBE-TOF1.3.2.0
2023-06-07 17:38:56,776 [WARN] PackLoader:240 - Cannot read IP mode file for STMicroelectronics.X-CUBE-AZRTOS-H7.3.0.0
2023-06-07 17:38:56,791 [WARN] PackLoader:240 - Cannot read IP mode file for STMicroelectronics.X-CUBE-ISPU.1.0.0
2023-06-07 17:38:56,807 [WARN] PackLoader:240 - Cannot read IP mode file for STMicroelectronics.X-CUBE-ISPU.1.1.0
2023-06-07 17:38:56,838 [WARN] PackLoader:240 - Cannot read IP mode file for RoweBots.I-CUBE-UNISONRTOS.5.5.0-4
2023-06-07 17:38:56,885 [WARN] PackLoader:240 - Cannot read IP mode file for STMicroelectronics.X-CUBE-AZRTOS-H7.2.1.0
2023-06-07 17:38:56,901 [WARN] PackLoader:240 - Cannot read IP mode file for STMicroelectronics.X-CUBE-AI.8.0.0
2023-06-07 17:38:56,916 [WARN] PackLoader:240 - Cannot read IP mode file for STMicroelectronics.X-CUBE-FREERTOS.1.0.0
2023-06-07 17:38:56,932 [WARN] PackLoader:240 - Cannot read IP mode file for STMicroelectronics.X-CUBE-FREERTOS.1.0.1
2023-06-07 17:38:56,963 [WARN] PackLoader:240 - Cannot read IP mode file for STMicroelectronics.X-CUBE-TOUCHGFX.4.21.1
2023-06-07 17:38:57,010 [WARN] PackLoader:240 - Cannot read IP mode file for STMicroelectronics.X-CUBE-TOUCHGFX.4.21.0
2023-06-07 17:38:57,026 [WARN] PackLoader:240 - Cannot read IP mode file for STMicroelectronics.X-CUBE-TOUCHGFX.4.21.3
2023-06-07 17:38:57,041 [WARN] PackLoader:240 - Cannot read IP mode file for STMicroelectronics.X-CUBE-BLEMGR.1.0.0
2023-06-07 17:38:57,057 [WARN] PackLoader:240 - Cannot read IP mode file for STMicroelectronics.X-CUBE-TOUCHGFX.4.21.4
2023-06-07 17:38:57,151 [WARN] PackLoader:240 - Cannot read IP mode file for STMicroelectronics.X-CUBE-MEMS1.9.4.0
2023-06-07 17:38:57,385 [WARN] PackLoader:240 - Cannot read IP mode file for STMicroelectronics.X-CUBE-AI.7.3.0
2023-06-07 17:38:57,401 [WARN] PackLoader:240 - Cannot read IP mode file for STMicroelectronics.X-CUBE-ALGOBUILD.1.3.0
2023-06-07 17:38:57,432 [WARN] PackLoader:240 - Cannot read IP mode file for STMicroelectronics.X-CUBE-AZRTOS-L5.1.1.0
2023-06-07 17:38:57,479 [WARN] PackLoader:240 - Cannot read IP mode file for STMicroelectronics.X-CUBE-AZRTOS-G0.1.1.0
2023-06-07 17:38:57,495 [WARN] PackLoader:240 - Cannot read IP mode file for STMicroelectronics.X-CUBE-AI.8.0.1
2023-06-07 17:38:57,510 [WARN] PackLoader:240 - Cannot read IP mode file for STMicroelectronics.X-CUBE-SUBG2.5.0.0
2023-06-07 17:38:57,542 [WARN] PackLoader:240 - Cannot read IP mode file for STMicroelectronics.X-CUBE-NFC4.3.0.0
2023-06-07 17:38:57,588 [WARN] PackLoader:240 - Cannot read IP mode file for SEGGER.I-CUBE-embOS.1.2.0
2023-06-07 17:38:57,714 [WARN] PackLoader:240 - Cannot read IP mode file for SEGGER.I-CUBE-embOS.1.2.1
2023-06-07 17:38:57,792 [WARN] PackLoader:240 - Cannot read IP mode file for STMicroelectronics.X-CUBE-AZRTOS-G4.2.0.0
2023-06-07 17:38:57,839 [WARN] PackLoader:240 - Cannot read IP mode file for STMicroelectronics.X-CUBE-TOF1.3.3.0
2023-06-07 17:38:57,854 [WARN] PackLoader:240 - Cannot read IP mode file for STMicroelectronics.FP-ATR-ASTRA1.1.1.1
2023-06-07 17:38:57,870 [WARN] PackLoader:240 - Cannot read IP mode file for STMicroelectronics.FP-ATR-ASTRA1.1.1.0
2023-06-07 17:38:57,901 [WARN] PackLoader:240 - Cannot read IP mode file for STMicroelectronics.X-CUBE-BLEMGR.1.3.0
2023-06-07 17:38:57,932 [WARN] PackLoader:240 - Cannot read IP mode file for STMicroelectronics.X-CUBE-AZRTOS-G4.1.0.0
2023-06-07 17:38:57,948 [WARN] PackLoader:240 - Cannot read IP mode file for STMicroelectronics.FP-ATR-SIGFOX1.3.2.0
2023-06-07 17:38:57,964 [WARN] PackLoader:240 - Cannot read IP mode file for wolfSSL.I-CUBE-wolfSSL.5.3.0
2023-06-07 17:38:57,995 [WARN] PackLoader:240 - Cannot read IP mode file for STMicroelectronics.X-CUBE-AZRTOS-L4.1.0.0
2023-06-07 17:38:58,026 [WARN] PackLoader:240 - Cannot read IP mode file for emotas.I-CUBE-CANOPEN.1.1.2
2023-06-07 17:38:58,042 [WARN] PackLoader:240 - Cannot read IP mode file for STMicroelectronics.X-CUBE-TOUCHGFX.4.20.0
2023-06-07 17:38:58,073 [WARN] PackLoader:240 - Cannot read IP mode file for STMicroelectronics.X-CUBE-AZRTOS-F7.1.0.0
2023-06-07 17:38:58,104 [WARN] PackLoader:240 - Cannot read IP mode file for STMicroelectronics.X-CUBE-AZRTOS-WL.1.0.0
2023-06-07 17:38:58,136 [WARN] PackLoader:240 - Cannot read IP mode file for portGmbH.I-Cube-SoM-uGOAL.1.1.0
2023-06-07 17:38:58,136 [WARN] PackLoader:240 - Cannot read IP mode file for STMicroelectronics.X-CUBE-ALS.1.0.1
2023-06-07 17:38:58,198 [WARN] PackLoader:240 - Cannot read IP mode file for STMicroelectronics.X-CUBE-MEMS1.9.5.0
2023-06-07 17:38:58,401 [WARN] PackLoader:240 - Cannot read IP mode file for STMicroelectronics.X-CUBE-AZRTOS-WB.1.1.0
2023-06-07 17:38:58,464 [WARN] PackLoader:240 - Cannot read IP mode file for SEGGER.I-CUBE-embOS.1.3.1
2023-06-07 17:38:58,542 [WARN] PackLoader:240 - Cannot read IP mode file for STMicroelectronics.X-CUBE-AZRTOS-L5.1.0.0
2023-06-07 17:38:58,558 [WARN] PackLoader:240 - Cannot read IP mode file for STMicroelectronics.X-CUBE-EEPRMA1.3.1.1
2023-06-07 17:38:58,573 [WARN] PackLoader:240 - Cannot read IP mode file for STMicroelectronics.X-CUBE-GNSS1.5.2.0
2023-06-07 17:38:58,589 [WARN] PackLoader:240 - Cannot read IP mode file for STMicroelectronics.FP-ATR-ASTRA1.2.0.0
2023-06-07 17:38:58,620 [WARN] PackLoader:240 - Cannot read IP mode file for STMicroelectronics.X-CUBE-TOF1.3.0.0
2023-06-07 17:38:58,620 [INFO] ThirdParty:978 - Integrity check success = true
2023-06-07 17:38:58,620 [INFO] IntegrityCheckThread:100 - exiting critical section [integrity check]
2023-06-07 17:38:58,620 [INFO] IntegrityCheckThread:103 - End integrity checks thread
2023-06-07 17:38:58,620 [INFO] ThirdParty:873 - entering critical section [close project]
2023-06-07 17:38:58,620 [INFO] ThirdParty:883 - exiting critical section [close project]
2023-06-07 17:38:58,620 [INFO] PinOutPanel:1499 - setPackage(No Configuration,No Configuration)
2023-06-07 17:38:58,636 [INFO] UtilMem:75 - Begin LoadConfig() Used Memory: 595014488 Bytes (815792128)
2023-06-07 17:38:58,636 [INFO] MicroXplorer:468 - Change Database Path : 
2023-06-07 17:38:58,636 [INFO] MicroXplorer:498 - Change Database Version : DB.6.0.80
2023-06-07 17:38:58,636 [INFO] OpenFileManager:308 - Change cursor
2023-06-07 17:38:58,698 [INFO] Mcu:1937 - Initializing MCU STM32F103C(8-B)Tx STM32F103C8Tx STM32F103C8T6
2023-06-07 17:39:00,402 [INFO] Context:659 - Trying to add GPIOservice into a context  which must be forbidden
2023-06-07 17:39:01,261 [INFO] RtosManager:555 - Registered RTOS mode: class=CMSIS, group=RTOS, mode=CMSIS_V1, owner=FREERTOS
2023-06-07 17:39:01,261 [INFO] RtosManager:555 - Registered RTOS mode: class=CMSIS, group=RTOS2, mode=CMSIS_V2, owner=FREERTOS
2023-06-07 17:39:01,261 [INFO] RtosManager:555 - Registered RTOS mode: class=RTOS, group=Core, mode=CMSIS_V1, owner=FREERTOS
2023-06-07 17:39:01,261 [INFO] RtosManager:555 - Registered RTOS mode: class=RTOS, group=Core, mode=CMSIS_V2, owner=FREERTOS
2023-06-07 17:39:01,261 [WARN] ModelIntegratedComponent:184 - Missing modes for component STMicroelectronics:FreeRTOS:0.0.1:STMicroelectronics:RTOS:FreeRTOS:Core:::10.2.0:
2023-06-07 17:39:01,277 [WARN] ModelIntegratedComponent:63 - No mode defined for component null
2023-06-07 17:39:01,277 [WARN] ModelIntegratedComponent:63 - No mode defined for component null
2023-06-07 17:39:01,277 [WARN] ModelIntegratedComponent:63 - No mode defined for component null
2023-06-07 17:39:01,277 [WARN] ModelIntegratedComponent:63 - No mode defined for component null
2023-06-07 17:39:01,277 [WARN] ModelIntegratedComponent:63 - No mode defined for component null
2023-06-07 17:39:01,277 [WARN] ModelIntegratedComponent:63 - No mode defined for component null
2023-06-07 17:39:01,277 [WARN] ModelIntegratedComponent:63 - No mode defined for component null
2023-06-07 17:39:01,277 [WARN] ModelIntegratedComponent:63 - No mode defined for component null
2023-06-07 17:39:01,277 [WARN] ModelIntegratedComponent:63 - No mode defined for component null
2023-06-07 17:39:01,277 [WARN] ModelIntegratedComponent:63 - No mode defined for component null
2023-06-07 17:39:01,277 [WARN] ModelIntegratedComponent:63 - No mode defined for component null
2023-06-07 17:39:01,277 [WARN] ModelIntegratedComponent:63 - No mode defined for component null
2023-06-07 17:39:01,277 [WARN] ModelIntegratedComponent:63 - No mode defined for component null
2023-06-07 17:39:01,277 [WARN] ModelIntegratedComponent:63 - No mode defined for component null
2023-06-07 17:39:01,277 [WARN] ModelIntegratedComponent:63 - No mode defined for component null
2023-06-07 17:39:01,277 [WARN] ModelIntegratedComponent:63 - No mode defined for component null
2023-06-07 17:39:01,277 [WARN] ModelIntegratedComponent:63 - No mode defined for component null
2023-06-07 17:39:01,277 [WARN] ModelIntegratedComponent:63 - No mode defined for component null
2023-06-07 17:39:01,277 [WARN] ModelIntegratedComponent:63 - No mode defined for component null
2023-06-07 17:39:01,277 [WARN] ModelIntegratedComponent:63 - No mode defined for component null
2023-06-07 17:39:01,277 [WARN] ModelIntegratedComponent:63 - No mode defined for component null
2023-06-07 17:39:01,277 [WARN] ModelIntegratedComponent:63 - No mode defined for component null
2023-06-07 17:39:01,277 [WARN] ModelIntegratedComponent:63 - No mode defined for component null
2023-06-07 17:39:01,277 [WARN] ModelIntegratedComponent:63 - No mode defined for component null
2023-06-07 17:39:01,277 [WARN] ModelIntegratedComponent:63 - No mode defined for component null
2023-06-07 17:39:01,277 [WARN] ModelIntegratedComponent:63 - No mode defined for component null
2023-06-07 17:39:01,277 [WARN] ModelIntegratedComponent:63 - No mode defined for component null
2023-06-07 17:39:01,277 [WARN] ModelIntegratedComponent:63 - No mode defined for component null
2023-06-07 17:39:01,277 [WARN] ModelIntegratedComponent:63 - No mode defined for component null
2023-06-07 17:39:01,277 [WARN] ModelIntegratedComponent:63 - No mode defined for component null
2023-06-07 17:39:01,277 [WARN] ModelIntegratedComponent:63 - No mode defined for component null
2023-06-07 17:39:01,277 [WARN] ModelIntegratedComponent:63 - No mode defined for component null
2023-06-07 17:39:01,277 [WARN] ModelIntegratedComponent:63 - No mode defined for component null
2023-06-07 17:39:02,028 [INFO] ThirdPartyModel:298 - Start build external matchings
2023-06-07 17:39:03,763 [INFO] ThirdPartyModel:316 - End build external matchings
2023-06-07 17:39:03,873 [INFO] ImportTextPane:194 - (OptionalMessage_ERROR) IP (RCC) : Parameter (ADCFreqValue) has invalid value (36000000)
2023-06-07 17:39:03,873 [INFO] ImportTextPane:194 - (OptionalMessage_ERROR) IP (RCC) : Invalid parameter (FamilyName)
2023-06-07 17:39:03,873 [INFO] ImportTextPane:194 - (OptionalMessage_ERROR) IP (RCC) : Parameter (MCOFreq_Value) has invalid value (72000000)
2023-06-07 17:39:03,888 [INFO] ImportTextPane:194 - (OptionalMessage_ERROR) IP (RCC) : Parameter (USBFreq_Value) has invalid value (72000000)
2023-06-07 17:39:04,248 [INFO] UtilMem:75 - End LoadConfig() Used Memory: 572041272 Bytes (815792128)
2023-06-07 17:39:04,404 [INFO] ApiDb:581 - Connected to CubeFinder SQLite database (C:\Users\win 10\.stmcufinder\plugins\mcufinder\mcu\cube-finder-db.db)
2023-06-07 17:39:04,482 [INFO] ApiDb:668 - CubeFinder database Data Model version=2.1
2023-06-07 17:39:04,482 [INFO] ApiDb:669 - CubeFinder database Configuration version=3.0.35
2023-06-07 17:39:04,482 [INFO] ApiDb:670 - CubeFinder database generation date=2023-05-12 (1683877179)
2023-06-07 17:39:04,482 [INFO] ApiDb:671 - CubeFinder database FW Pack versions=[FP-ATR-ASTRA1_V2.0.0, FP-SNS-FLIGHT1_V5.0.0, FP-SNS-MOTENV1_V4.3.0, STM32Cube_FW_C0_V1.0.1, STM32Cube_FW_F0_V1.11.4, STM32Cube_FW_F3_V1.11.4, STM32Cube_FW_F4_V1.27.1, STM32Cube_FW_F7_V1.17.0, STM32Cube_FW_G0_V1.6.1, STM32Cube_FW_G4_V1.5.1, STM32Cube_FW_H5_V0.5.1, STM32Cube_FW_H5_V1.0.0, STM32Cube_FW_H7_V1.11.0, STM32Cube_FW_L0_V1.12.2, STM32Cube_FW_L5_V1.5.0, STM32Cube_FW_U5_V1.2.0, STM32Cube_FW_WBA_V1.0.0, STM32Cube_FW_WBA_V1.0.0RC1, STM32Cube_FW_WBA_V1.0.0RC3, STM32Cube_FW_WB_V1.15.0RC1, STM32Cube_FW_WB_V1.16.0, STM32Cube_FW_WB_V1.16.0RC2, STM32Cube_FW_WL_V1.3.0, X-CUBE-ALGOBUILD_V1.3.0, X-CUBE-ALS_V1.0.1, X-CUBE-AZRTOS-F4_V1.1.0, X-CUBE-AZRTOS-F7_V1.1.0, X-CUBE-AZRTOS-G0_V1.1.0, X-CUBE-AZRTOS-G4_V2.0.0, X-CUBE-AZRTOS-H7_V3.1.0, X-CUBE-AZRTOS-L4_V1.0.0, X-CUBE-AZRTOS-L5_V1.1.0, X-CUBE-AZRTOS-WB_V1.1.0, X-CUBE-AZRTOS-WL_V1.0.0, X-CUBE-BLE1_V6.2.4, X-CUBE-BLE2_V3.3.0, X-CUBE-BLEMGR_V2.0.0, X-CUBE-EEPRMA1_V4.1.0, X-CUBE-FREERTOS_V1.0.1, X-CUBE-GNSS1_V6.0.0, X-CUBE-MEMS1_V9.1.0, X-CUBE-MEMS1_V9.4.0, X-CUBE-MEMS1_V9.6.0, X-CUBE-NFC4_V3.0.0, X-CUBE-NFC7_V1.0.0, X-CUBE-SFXS2LP1_V4.0.0, X-CUBE-SUBG2_V5.0.0]
2023-06-07 17:39:07,061 [INFO] ApiDb:240 - Found 297 in-development CPN: [B-G473E-ZEST1S, B-WB1M-WPAN1, B-WL5M-SUBG1, NUCLEO-C031C6, NUCLEO-H503RB, NUCLEO-H563ZI, NUCLEO-U545RE-Q, NUCLEO-U5A5ZJ-Q, NUCLEO-WBA52CG, STEVAL-PROTEUS1, STEVAL-STWINBX1, STM320518-EVAL, STM32C0116-DK, STM32C011D6Y3TR, STM32C011D6Y6TR, STM32C011F4P3, STM32C011F4P6, STM32C011F4U3, STM32C011F4U6TR, STM32C011F6P3, STM32C011F6P6, STM32C011F6U3, STM32C011F6U6TR, STM32C011J4M3, STM32C011J4M6, STM32C011J6M3, STM32C011J6M6, STM32C0316-DK, STM32C031C4T3, STM32C031C4T6, STM32C031C4U3, STM32C031C4U6, STM32C031C6T3, STM32C031C6T6, STM32C031C6U3, STM32C031C6U6, STM32C031F4P3, STM32C031F4P6, STM32C031F6P3, STM32C031F6P6, STM32C031G4U3, STM32C031G4U6, STM32C031G6U3, STM32C031G6U6, STM32C031K4T3, STM32C031K4T6, STM32C031K4U3, STM32C031K4U6, STM32C031K6T3, STM32C031K6T6, STM32C031K6U3, STM32C031K6U6, STM32G071K8TXN, STM32G071K8UXN, STM32G081GBU6N, STM32G081KBT6N, STM32G081KBUXN, STM32G0B1CCT6N, STM32G0B1KCT6, STM32G0B1NEY6TR, STM32G0B1RCT6N, STM32G0C1CCT6, STM32G0C1CCT6N, STM32G0C1CCU6N, STM32G0C1CET6N, STM32G0C1CEU6N, STM32G0C1KCT6, STM32G0C1NEY6TR, STM32G0C1RCI6N, STM32G0C1RCT6N, STM32G0C1REI6N, STM32G0C1RET6N, STM32G0C1VCI6, STM32G0C1VEI6, STM32G471CCT6, STM32G471CCU6, STM32G471CET3, STM32G471CET6, STM32G471CEU3, STM32G471CEU6, STM32G471MCT6, STM32G471MET3, STM32G471MET6, STM32G471MEY6TR, STM32G471QCT6, STM32G471QET3, STM32G471RCT6, STM32G471RET3, STM32G471RET6, STM32G471VCH6, STM32G471VCI6, STM32G471VCT6, STM32G471VEH3, STM32G471VEH6, STM32G471VEI3, STM32G471VEI6, STM32G471VET3, STM32G471VET6, STM32G474CCT6, STM32H503CBT6, STM32H503CBU6, STM32H503EBY6TR, STM32H503KBU6, STM32H503RBT6, STM32H562AGI6, STM32H562AII6, STM32H562IGK6, STM32H562IGT6, STM32H562IIK6, STM32H562IIT6, STM32H562RGT6, STM32H562RGV6, STM32H562RIT6, STM32H562RIV6, STM32H562VGT6, STM32H562VIT6, STM32H562ZGT6, STM32H562ZIT6, STM32H563AGI6, STM32H563AII3Q, STM32H563AII6, STM32H563IGK6, STM32H563IGT6, STM32H563IIK3Q, STM32H563IIK6, STM32H563IIT3Q, STM32H563IIT6, STM32H563MIY3QTR, STM32H563RGT6, STM32H563RGV6, STM32H563RIT6, STM32H563RIV6, STM32H563VGT6, STM32H563VIT3Q, STM32H563VIT6, STM32H563ZGT6, STM32H563ZIT3Q, STM32H563ZIT6, STM32H573AII3Q, STM32H573AII6, STM32H573I-DK, STM32H573IIK3Q, STM32H573IIK6, STM32H573IIT3Q, STM32H573IIT6, STM32H573MIY3QTR, STM32H573RIT6, STM32H573RIV6, STM32H573VIT3Q, STM32H573VIT6, STM32H573ZIT3Q, STM32H573ZIT6, STM32L4R5QGI6STR, STM32MP131AAE3, STM32MP131AAF3, STM32MP131AAG3, STM32MP131CAE3, STM32MP131CAF3, STM32MP131CAG3, STM32MP131DAE7, STM32MP131DAF7, STM32MP131DAG7, STM32MP131FAE7, STM32MP131FAF7, STM32MP131FAG7, STM32MP133AAE3, STM32MP133AAF3, STM32MP133AAG3, STM32MP133CAE3, STM32MP133CAF3, STM32MP133CAG3, STM32MP133DAE7, STM32MP133DAF7, STM32MP133DAG7, STM32MP133FAE7, STM32MP133FAF7, STM32MP133FAG7, STM32MP135AAE3, STM32MP135AAF3, STM32MP135AAG3, STM32MP135CAE3, STM32MP135CAF3, STM32MP135CAG3, STM32MP135DAE7, STM32MP135DAF7, STM32MP135DAG7, STM32MP135F-DK, STM32MP135FAE7, STM32MP135FAF7, STM32MP135FAF7T, STM32MP135FAF7U, STM32MP135FAG7, STM32U535CBT6, STM32U535CBT6Q, STM32U535CBU6, STM32U535CBU6Q, STM32U535CCT6, STM32U535CCT6Q, STM32U535CCU6, STM32U535CCU6Q, STM32U535CET6, STM32U535CET6Q, STM32U535CEU6, STM32U535CEU6Q, STM32U535JEY6QTR, STM32U535NCY6QTR, STM32U535NEY6QTR, STM32U535RBI6, STM32U535RBI6Q, STM32U535RBT6, STM32U535RBT6Q, STM32U535RCI6, STM32U535RCI6Q, STM32U535RCT6, STM32U535RCT6Q, STM32U535REI6, STM32U535REI6Q, STM32U535RET6, STM32U535RET6Q, STM32U535VCI6, STM32U535VCI6Q, STM32U535VCT6, STM32U535VCT6Q, STM32U535VEI6, STM32U535VEI6Q, STM32U535VET6, STM32U535VET6Q, STM32U545CET6, STM32U545CET6Q, STM32U545CEU6, STM32U545CEU6Q, STM32U545JEY6QTR, STM32U545NEY6QTR, STM32U545REI6, STM32U545REI6Q, STM32U545RET6, STM32U545RET6Q, STM32U545VEI6, STM32U545VEI6Q, STM32U545VET6, STM32U545VET6Q, STM32U595AIH6, STM32U595AIH6Q, STM32U595AJH6, STM32U595AJH6Q, STM32U595QII6, STM32U595QII6Q, STM32U595QJI6, STM32U595QJI6Q, STM32U595RIT6, STM32U595RIT6Q, STM32U595RJT6, STM32U595RJT6Q, STM32U595VIT6, STM32U595VIT6Q, STM32U595VJT6, STM32U595VJT6Q, STM32U595ZIT6, STM32U595ZIT6Q, STM32U595ZIY6QTR, STM32U595ZJT6, STM32U595ZJT6Q, STM32U595ZJY6QTR, STM32U599BJY6QTR, STM32U599NIH6Q, STM32U599NJH6Q, STM32U599VIT6Q, STM32U599VJT6, STM32U599VJT6Q, STM32U599ZIT6Q, STM32U599ZIY6QTR, STM32U599ZJT6Q, STM32U599ZJY6QTR, STM32U5A5AJH6, STM32U5A5AJH6Q, STM32U5A5QJI6, STM32U5A5QJI6Q, STM32U5A5RJT6, STM32U5A5RJT6Q, STM32U5A5VJT6, STM32U5A5VJT6Q, STM32U5A5ZJT6, STM32U5A5ZJT6Q, STM32U5A5ZJY6QTR, STM32U5A9BJY6QTR, STM32U5A9J-DK, STM32U5A9NJH6Q, STM32U5A9VJT6Q, STM32U5A9ZJT6Q, STM32U5A9ZJY6QTR, STM32WB1MMCH6, STM32WBA52CEU6, STM32WBA52CEU6T, STM32WBA52CGU6, STM32WBA52CGU6T, STM32WL5MOCH6, STM32WL5MOCH6TR]
2023-06-07 17:39:07,061 [INFO] DbMcus:216 - Found 3775 MCUs, 3775 are supported
2023-06-07 17:39:07,061 [INFO] ApiDb:423 - Load user favorites file C:\Users\win 10/.stm32cubeide/favorites.mcus.txt: 0 item(s)
2023-06-07 17:39:07,061 [INFO] ApiDb:427 - User favorites MCUs=[]
2023-06-07 17:39:07,061 [INFO] DbMcus:222 - Set 0 / 0 favorites MCUs
2023-06-07 17:39:07,436 [WARN] ThirdParty:833 - waiting for thirdparty lock release [change project]
2023-06-07 17:39:07,436 [INFO] ThirdParty:835 - entering critical section [change project]
2023-06-07 17:39:07,436 [INFO] ThirdParty:1030 - CMSIS Pack Vendor :STMicroelectronics X-CUBE-GNSS1 6.0.0
2023-06-07 17:39:07,436 [INFO] ThirdParty:1030 - CMSIS Pack Vendor :STMicroelectronics USB_HOST 2.0.0
2023-06-07 17:39:07,436 [INFO] ThirdParty:1030 - CMSIS Pack Vendor :STMicroelectronics X-CUBE-AZRTOS-F4 1.1.0
2023-06-07 17:39:07,436 [INFO] ThirdParty:1030 - CMSIS Pack Vendor :STMicroelectronics LIBJPEG 8.0.0
2023-06-07 17:39:07,436 [INFO] ThirdParty:1030 - CMSIS Pack Vendor :STMicroelectronics X-CUBE-SMBUS 2.1.0
2023-06-07 17:39:07,436 [INFO] ThirdParty:1030 - CMSIS Pack Vendor :STMicroelectronics X-CUBE-MEMS1 9.2.0
2023-06-07 17:39:07,436 [INFO] ThirdParty:1030 - CMSIS Pack Vendor :STMicroelectronics X-CUBE-BLEMGR 1.2.0
2023-06-07 17:39:07,436 [INFO] ThirdParty:1030 - CMSIS Pack Vendor :STMicroelectronics X-CUBE-AZRTOS-F7 1.1.0
2023-06-07 17:39:07,436 [INFO] ThirdParty:1030 - CMSIS Pack Vendor :STMicroelectronics USB_DEVICE 2.0.0
2023-06-07 17:39:07,436 [INFO] ThirdParty:1030 - CMSIS Pack Vendor :STMicroelectronics X-CUBE-MEMS1 9.6.0
2023-06-07 17:39:07,436 [INFO] ThirdParty:1030 - CMSIS Pack Vendor :STMicroelectronics X-CUBE-AI 7.1.0
2023-06-07 17:39:07,436 [INFO] ThirdParty:1030 - CMSIS Pack Vendor :STMicroelectronics X-CUBE-TOUCHGFX 4.19.1
2023-06-07 17:39:07,436 [INFO] ThirdParty:1030 - CMSIS Pack Vendor :STMicroelectronics FP-SNS-MOTENV1 4.3.0
2023-06-07 17:39:07,436 [INFO] ThirdParty:1030 - CMSIS Pack Vendor :STMicroelectronics FP-SNS-FLIGHT1 5.0.0
2023-06-07 17:39:07,436 [INFO] ThirdParty:1030 - CMSIS Pack Vendor :STMicroelectronics FP-SNS-MOTENV1 4.3.1
2023-06-07 17:39:07,436 [INFO] ThirdParty:1030 - CMSIS Pack Vendor :STMicroelectronics FP-SNS-FLIGHT1 5.0.1
2023-06-07 17:39:07,436 [INFO] ThirdParty:1030 - CMSIS Pack Vendor :STMicroelectronics X-CUBE-BLE1 6.2.3
2023-06-07 17:39:07,436 [INFO] ThirdParty:1030 - CMSIS Pack Vendor :STMicroelectronics X-CUBE-BLE1 6.2.4
2023-06-07 17:39:07,436 [INFO] ThirdParty:1030 - CMSIS Pack Vendor :STMicroelectronics FreeRTOS 0.0.1
2023-06-07 17:39:07,436 [INFO] ThirdParty:1030 - CMSIS Pack Vendor :STMicroelectronics X-CUBE-BLEMGR 2.0.0
2023-06-07 17:39:07,436 [INFO] ThirdParty:1030 - CMSIS Pack Vendor :STMicroelectronics X-CUBE-NFC4 2.0.5
2023-06-07 17:39:07,436 [INFO] ThirdParty:1030 - CMSIS Pack Vendor :STMicroelectronics X-CUBE-NFC4 2.0.4
2023-06-07 17:39:07,436 [INFO] ThirdParty:1030 - CMSIS Pack Vendor :STMicroelectronics X-CUBE-BLE2 3.2.2
2023-06-07 17:39:07,436 [INFO] ThirdParty:1030 - CMSIS Pack Vendor :STMicroelectronics X-CUBE-AZRTOS-H7 3.1.0
2023-06-07 17:39:07,436 [INFO] ThirdParty:1030 - CMSIS Pack Vendor :STMicroelectronics PDM2PCM 3.3.0
2023-06-07 17:39:07,436 [INFO] ThirdParty:1030 - CMSIS Pack Vendor :STMicroelectronics X-CUBE-TOF1 3.1.0
2023-06-07 17:39:07,436 [INFO] ThirdParty:1030 - CMSIS Pack Vendor :STMicroelectronics X-CUBE-SFXS2LP1 3.1.0
2023-06-07 17:39:07,436 [INFO] ThirdParty:1030 - CMSIS Pack Vendor :STMicroelectronics X-CUBE-DISPLAY 3.0.0
2023-06-07 17:39:07,436 [INFO] ThirdParty:1030 - CMSIS Pack Vendor :STMicroelectronics X-CUBE-AZRTOS-F4 1.0.0
2023-06-07 17:39:07,436 [INFO] ThirdParty:1030 - CMSIS Pack Vendor :wolfSSL I-CUBE-wolfSSL 5.5.1
2023-06-07 17:39:07,436 [INFO] ThirdParty:1030 - CMSIS Pack Vendor :STMicroelectronics HAL Drivers 0.0.0
2023-06-07 17:39:07,436 [INFO] ThirdParty:1030 - CMSIS Pack Vendor :STMicroelectronics MBEDTLS 2.14.1
2023-06-07 17:39:07,436 [INFO] ThirdParty:1030 - CMSIS Pack Vendor :STMicroelectronics X-CUBE-NFC7 1.0.0
2023-06-07 17:39:07,436 [INFO] ThirdParty:1030 - CMSIS Pack Vendor :STMicroelectronics X-CUBE-MEMS1 9.3.0
2023-06-07 17:39:07,436 [INFO] ThirdParty:1030 - CMSIS Pack Vendor :STMicroelectronics X-CUBE-AI 7.2.0
2023-06-07 17:39:07,436 [INFO] ThirdParty:1030 - CMSIS Pack Vendor :STMicroelectronics X-CUBE-AZRTOS-WL 2.0.0
2023-06-07 17:39:07,436 [INFO] ThirdParty:1030 - CMSIS Pack Vendor :STMicroelectronics USB_DEVICE 1.0.0
2023-06-07 17:39:07,436 [INFO] ThirdParty:1030 - CMSIS Pack Vendor :STMicroelectronics X-CUBE-AZRTOS-G0 1.0.0
2023-06-07 17:39:07,436 [INFO] ThirdParty:1030 - CMSIS Pack Vendor :STMicroelectronics X-CUBE-AZRTOS-L4 2.0.0
2023-06-07 17:39:07,436 [INFO] ThirdParty:1030 - CMSIS Pack Vendor :STMicroelectronics ThreadX 0.0.2
2023-06-07 17:39:07,436 [INFO] ThirdParty:1030 - CMSIS Pack Vendor :WES I-CUBE-Cesium 1.3.0
2023-06-07 17:39:07,436 [INFO] ThirdParty:1030 - CMSIS Pack Vendor :STMicroelectronics lwIP 2.1.2
2023-06-07 17:39:07,436 [INFO] ThirdParty:1030 - CMSIS Pack Vendor :STMicroelectronics X-CUBE-SFXS2LP1 4.0.0
2023-06-07 17:39:07,436 [INFO] ThirdParty:1030 - CMSIS Pack Vendor :STMicroelectronics X-CUBE-BLE2 3.3.0
2023-06-07 17:39:07,436 [INFO] ThirdParty:1030 - CMSIS Pack Vendor :STMicroelectronics X-CUBE-DISPLAY 2.2.0
2023-06-07 17:39:07,436 [INFO] ThirdParty:1030 - CMSIS Pack Vendor :STMicroelectronics X-CUBE-TOF1 3.2.0
2023-06-07 17:39:07,436 [INFO] ThirdParty:1030 - CMSIS Pack Vendor :STMicroelectronics PDM2PCM 3.2.0
2023-06-07 17:39:07,436 [INFO] ThirdParty:1030 - CMSIS Pack Vendor :STMicroelectronics X-CUBE-AZRTOS-H7 3.0.0
2023-06-07 17:39:07,436 [INFO] ThirdParty:1030 - CMSIS Pack Vendor :STMicroelectronics X-CUBE-ISPU 1.0.0
2023-06-07 17:39:07,436 [INFO] ThirdParty:1030 - CMSIS Pack Vendor :STMicroelectronics X-CUBE-ISPU 1.1.0
2023-06-07 17:39:07,436 [INFO] ThirdParty:1030 - CMSIS Pack Vendor :RoweBots I-CUBE-UNISONRTOS 5.5.0-4
2023-06-07 17:39:07,436 [INFO] ThirdParty:1030 - CMSIS Pack Vendor :STMicroelectronics X-CUBE-AZRTOS-H7 2.1.0
2023-06-07 17:39:07,436 [INFO] ThirdParty:1030 - CMSIS Pack Vendor :STMicroelectronics USB_DEVICE 3.0.0
2023-06-07 17:39:07,436 [INFO] ThirdParty:1030 - CMSIS Pack Vendor :STMicroelectronics X-CUBE-AI 8.0.0
2023-06-07 17:39:07,436 [INFO] ThirdParty:1030 - CMSIS Pack Vendor :STMicroelectronics X-CUBE-FREERTOS 1.0.0
2023-06-07 17:39:07,436 [INFO] ThirdParty:1030 - CMSIS Pack Vendor :STMicroelectronics X-CUBE-FREERTOS 1.0.1
2023-06-07 17:39:07,436 [INFO] ThirdParty:1030 - CMSIS Pack Vendor :STMicroelectronics X-CUBE-TOUCHGFX 4.21.1
2023-06-07 17:39:07,436 [INFO] ThirdParty:1030 - CMSIS Pack Vendor :STMicroelectronics X-CUBE-TOUCHGFX 4.21.0
2023-06-07 17:39:07,436 [INFO] ThirdParty:1030 - CMSIS Pack Vendor :STMicroelectronics X-CUBE-TOUCHGFX 4.21.3
2023-06-07 17:39:07,436 [INFO] ThirdParty:1030 - CMSIS Pack Vendor :STMicroelectronics X-CUBE-BLEMGR 1.0.0
2023-06-07 17:39:07,436 [INFO] ThirdParty:1030 - CMSIS Pack Vendor :STMicroelectronics X-CUBE-TOUCHGFX 4.21.4
2023-06-07 17:39:07,436 [INFO] ThirdParty:1030 - CMSIS Pack Vendor :STMicroelectronics X-CUBE-MEMS1 9.4.0
2023-06-07 17:39:07,436 [INFO] ThirdParty:1030 - CMSIS Pack Vendor :STMicroelectronics X-CUBE-AI 7.3.0
2023-06-07 17:39:07,436 [INFO] ThirdParty:1030 - CMSIS Pack Vendor :STMicroelectronics X-CUBE-ALGOBUILD 1.3.0
2023-06-07 17:39:07,436 [INFO] ThirdParty:1030 - CMSIS Pack Vendor :STMicroelectronics X-CUBE-AZRTOS-L5 1.1.0
2023-06-07 17:39:07,436 [INFO] ThirdParty:1030 - CMSIS Pack Vendor :STMicroelectronics X-CUBE-AZRTOS-G0 1.1.0
2023-06-07 17:39:07,436 [INFO] ThirdParty:1030 - CMSIS Pack Vendor :STMicroelectronics X-CUBE-AI 8.0.1
2023-06-07 17:39:07,436 [INFO] ThirdParty:1030 - CMSIS Pack Vendor :STMicroelectronics X-CUBE-SUBG2 5.0.0
2023-06-07 17:39:07,436 [INFO] ThirdParty:1030 - CMSIS Pack Vendor :STMicroelectronics X-CUBE-NFC4 3.0.0
2023-06-07 17:39:07,436 [INFO] ThirdParty:1030 - CMSIS Pack Vendor :SEGGER I-CUBE-embOS 1.2.0
2023-06-07 17:39:07,436 [INFO] ThirdParty:1030 - CMSIS Pack Vendor :STMicroelectronics STM32_WPAN 1.0.0
2023-06-07 17:39:07,436 [INFO] ThirdParty:1030 - CMSIS Pack Vendor :SEGGER I-CUBE-embOS 1.2.1
2023-06-07 17:39:07,436 [INFO] ThirdParty:1030 - CMSIS Pack Vendor :STMicroelectronics lwIP 2.0.3
2023-06-07 17:39:07,436 [INFO] ThirdParty:1030 - CMSIS Pack Vendor :STMicroelectronics USB_HOST 1.0.0
2023-06-07 17:39:07,436 [INFO] ThirdParty:1030 - CMSIS Pack Vendor :STMicroelectronics X-CUBE-AZRTOS-G4 2.0.0
2023-06-07 17:39:07,436 [INFO] ThirdParty:1030 - CMSIS Pack Vendor :STMicroelectronics PDM2PCM 3.1.0
2023-06-07 17:39:07,436 [INFO] ThirdParty:1030 - CMSIS Pack Vendor :STMicroelectronics X-CUBE-TOF1 3.3.0
2023-06-07 17:39:07,436 [INFO] ThirdParty:1030 - CMSIS Pack Vendor :STMicroelectronics FP-ATR-ASTRA1 1.1.1
2023-06-07 17:39:07,436 [INFO] ThirdParty:1030 - CMSIS Pack Vendor :STMicroelectronics FP-ATR-ASTRA1 1.1.0
2023-06-07 17:39:07,436 [INFO] ThirdParty:1030 - CMSIS Pack Vendor :STMicroelectronics X-CUBE-BLEMGR 1.3.0
2023-06-07 17:39:07,436 [INFO] ThirdParty:1030 - CMSIS Pack Vendor :STMicroelectronics X-CUBE-AZRTOS-G4 1.0.0
2023-06-07 17:39:07,436 [INFO] ThirdParty:1030 - CMSIS Pack Vendor :STMicroelectronics FP-ATR-SIGFOX1 3.2.0
2023-06-07 17:39:07,436 [INFO] ThirdParty:1030 - CMSIS Pack Vendor :wolfSSL I-CUBE-wolfSSL 5.3.0
2023-06-07 17:39:07,436 [INFO] ThirdParty:1030 - CMSIS Pack Vendor :STMicroelectronics X-CUBE-AZRTOS-L4 1.0.0
2023-06-07 17:39:07,436 [INFO] ThirdParty:1030 - CMSIS Pack Vendor :STMicroelectronics MBEDTLS 2.16.2
2023-06-07 17:39:07,436 [INFO] ThirdParty:1030 - CMSIS Pack Vendor :emotas I-CUBE-CANOPEN 1.1.2
2023-06-07 17:39:07,436 [INFO] ThirdParty:1030 - CMSIS Pack Vendor :STMicroelectronics X-CUBE-TOUCHGFX 4.20.0
2023-06-07 17:39:07,436 [INFO] ThirdParty:1030 - CMSIS Pack Vendor :STMicroelectronics X-CUBE-AZRTOS-F7 1.0.0
2023-06-07 17:39:07,436 [INFO] ThirdParty:1030 - CMSIS Pack Vendor :STMicroelectronics X-CUBE-AZRTOS-WL 1.0.0
2023-06-07 17:39:07,436 [INFO] ThirdParty:1030 - CMSIS Pack Vendor :portGmbH I-Cube-SoM-uGOAL 1.1.0
2023-06-07 17:39:07,436 [INFO] ThirdParty:1030 - CMSIS Pack Vendor :STMicroelectronics X-CUBE-ALS 1.0.1
2023-06-07 17:39:07,436 [INFO] ThirdParty:1030 - CMSIS Pack Vendor :STMicroelectronics X-CUBE-MEMS1 9.5.0
2023-06-07 17:39:07,436 [INFO] ThirdParty:1030 - CMSIS Pack Vendor :STMicroelectronics ThreadX 1.0.0
2023-06-07 17:39:07,436 [INFO] ThirdParty:1030 - CMSIS Pack Vendor :STMicroelectronics X-CUBE-AZRTOS-WB 1.1.0
2023-06-07 17:39:07,436 [INFO] ThirdParty:1030 - CMSIS Pack Vendor :SEGGER I-CUBE-embOS 1.3.1
2023-06-07 17:39:07,436 [INFO] ThirdParty:1030 - CMSIS Pack Vendor :STMicroelectronics X-CUBE-AZRTOS-L5 1.0.0
2023-06-07 17:39:07,436 [INFO] ThirdParty:1030 - CMSIS Pack Vendor :STMicroelectronics X-CUBE-EEPRMA1 3.1.1
2023-06-07 17:39:07,436 [INFO] ThirdParty:1030 - CMSIS Pack Vendor :STMicroelectronics X-CUBE-GNSS1 5.2.0
2023-06-07 17:39:07,436 [INFO] ThirdParty:1030 - CMSIS Pack Vendor :STMicroelectronics FP-ATR-ASTRA1 2.0.0
2023-06-07 17:39:07,436 [INFO] ThirdParty:1030 - CMSIS Pack Vendor :STMicroelectronics X-CUBE-TOF1 3.0.0
2023-06-07 17:39:07,436 [INFO] ThirdParty:841 - exiting critical section [change project]
2023-06-07 17:39:07,905 [INFO] PinOutPanel:1499 - setPackage(No Configuration,No Configuration)
2023-06-07 17:39:07,905 [INFO] PinOutPanel:1499 - setPackage(STM32F103C8Tx,LQFP48)
2023-06-07 17:39:08,781 [INFO] UtilMem:75 - Before build in PCC Used Memory: 631724424 Bytes (815792128)
2023-06-07 17:39:09,953 [INFO] UtilMem:75 - After build in PCC Used Memory: 584855664 Bytes (815792128)
2023-06-07 17:39:09,984 [INFO] IPUIPlugin:80 - create IPUIPlugin
2023-06-07 17:39:09,984 [INFO] IPUIPlugin:80 - create IPUIPlugin
2023-06-07 17:39:09,984 [INFO] IPUIPlugin:80 - create IPUIPlugin
2023-06-07 17:39:09,984 [INFO] IPUIPlugin:80 - create IPUIPlugin
2023-06-07 17:39:09,984 [INFO] IPUIPlugin:80 - create IPUIPlugin
2023-06-07 17:39:09,984 [INFO] IPUIPlugin:80 - create IPUIPlugin
2023-06-07 17:39:09,984 [INFO] IPUIPlugin:80 - create IPUIPlugin
2023-06-07 17:39:09,984 [INFO] IPUIPlugin:80 - create IPUIPlugin
2023-06-07 17:39:09,984 [INFO] IPUIPlugin:80 - create IPUIPlugin
2023-06-07 17:39:09,984 [INFO] IPUIPlugin:80 - create IPUIPlugin
2023-06-07 17:39:09,984 [INFO] IPUIPlugin:80 - create IPUIPlugin
2023-06-07 17:39:09,984 [INFO] IPUIPlugin:80 - create IPUIPlugin
2023-06-07 17:39:09,984 [INFO] IPUIPlugin:80 - create IPUIPlugin
2023-06-07 17:39:09,984 [INFO] IPUIPlugin:80 - create IPUIPlugin
2023-06-07 17:39:09,984 [INFO] IPUIPlugin:80 - create IPUIPlugin
2023-06-07 17:39:09,984 [INFO] IPUIPlugin:80 - create IPUIPlugin
2023-06-07 17:39:09,984 [INFO] IPUIPlugin:80 - create IPUIPlugin
2023-06-07 17:39:09,984 [INFO] IPUIPlugin:80 - create IPUIPlugin
2023-06-07 17:39:09,984 [INFO] IPUIPlugin:80 - create IPUIPlugin
2023-06-07 17:39:09,984 [INFO] IPUIPlugin:80 - create IPUIPlugin
2023-06-07 17:39:10,000 [INFO] IPUIPlugin:80 - create IPUIPlugin
2023-06-07 17:39:10,000 [INFO] IPUIPlugin:80 - create IPUIPlugin
2023-06-07 17:39:10,000 [INFO] IPUIPlugin:80 - create IPUIPlugin
2023-06-07 17:39:10,000 [INFO] IPUIPlugin:80 - create IPUIPlugin
2023-06-07 17:39:10,000 [INFO] IPUIPlugin:80 - create IPUIPlugin
2023-06-07 17:39:10,000 [INFO] IPUIPlugin:80 - create IPUIPlugin
2023-06-07 17:39:10,000 [INFO] IPUIPlugin:80 - create IPUIPlugin
2023-06-07 17:39:10,016 [INFO] Can:71 - Can Add PropertyChangeListener com.st.microxplorer.plugins.ip.can.Can@72425b4a
2023-06-07 17:39:10,360 [INFO] CADModel:165 - CPN selected for project levelSTM32F103C8T6
2023-06-07 17:39:10,360 [INFO] CADModel:114 - Register for checkConnection events
2023-06-07 17:39:10,422 [INFO] OpenFileManager:328 - Restore cursor
2023-06-07 17:39:40,369 [INFO] RtosManager:919 - Current active RTOS is FREERTOS [Cortex-M3NS]
2023-06-07 17:39:40,775 [INFO] ApiDbMcu:507 - Load IP Config File for FREERTOS
2023-06-07 17:39:40,932 [WARN] FreeRTOS:563 - Case being investigated as it may cause exception (when called to early by set config state
2023-06-07 17:39:41,307 [ERROR] RtosPanel:558 - Can not restore the selected Tab for FREERTOS(A reason can be that the tab is no more available.)
2023-06-07 17:39:41,463 [ERROR] RtosPanel:558 - Can not restore the selected Tab for FREERTOS(A reason can be that the tab is no more available.)
2023-06-07 17:39:50,435 [INFO] TasksAndQueuesTab:757 - Dynamic
2023-06-07 17:39:50,435 [WARN] TasksAndQueuesTab:763 - 128 128
2023-06-07 17:39:50,435 [WARN] TasksAndQueuesTab:775 - max value is: 768.0
2023-06-07 17:39:54,468 [INFO] EditThreadDialog:704 - RAM SIZE (in KB): 20
2023-06-07 17:39:54,468 [INFO] EditThreadDialog:706 - RAM SIZE (in words): 5120
2023-06-07 17:40:01,470 [INFO] TasksAndQueuesTab:757 - Dynamic
2023-06-07 17:40:01,470 [WARN] TasksAndQueuesTab:763 - 128 128
2023-06-07 17:40:01,470 [WARN] TasksAndQueuesTab:775 - max value is: 768.0
2023-06-07 17:40:01,470 [INFO] TasksAndQueuesTab:757 - Dynamic
2023-06-07 17:40:01,470 [WARN] TasksAndQueuesTab:763 - 128 128
2023-06-07 17:40:01,470 [WARN] TasksAndQueuesTab:775 - max value is: 768.0
2023-06-07 17:40:01,611 [ERROR] RtosPanel:558 - Can not restore the selected Tab for FREERTOS(A reason can be that the tab is no more available.)
2023-06-07 17:40:04,143 [INFO] TasksAndQueuesTab:757 - Dynamic
2023-06-07 17:40:04,143 [WARN] TasksAndQueuesTab:763 - 128 128
2023-06-07 17:40:04,143 [WARN] TasksAndQueuesTab:775 - max value is: 768.0
2023-06-07 17:40:04,143 [INFO] TasksAndQueuesTab:757 - Dynamic
2023-06-07 17:40:04,143 [WARN] TasksAndQueuesTab:763 - 128 128
2023-06-07 17:40:04,143 [WARN] TasksAndQueuesTab:775 - max value is: 768.0
2023-06-07 17:40:05,096 [INFO] EditThreadDialog:704 - RAM SIZE (in KB): 20
2023-06-07 17:40:05,096 [INFO] EditThreadDialog:706 - RAM SIZE (in words): 5120
2023-06-07 17:40:06,019 [INFO] TasksAndQueuesTab:757 - Dynamic
2023-06-07 17:40:06,019 [WARN] TasksAndQueuesTab:763 - 128 128
2023-06-07 17:40:06,019 [WARN] TasksAndQueuesTab:775 - max value is: 768.0
2023-06-07 17:40:06,019 [INFO] TasksAndQueuesTab:757 - Dynamic
2023-06-07 17:40:06,019 [WARN] TasksAndQueuesTab:763 - 128 128
2023-06-07 17:40:06,019 [WARN] TasksAndQueuesTab:775 - max value is: 768.0
2023-06-07 17:40:06,019 [INFO] TasksAndQueuesTab:757 - Dynamic
2023-06-07 17:40:06,019 [WARN] TasksAndQueuesTab:763 - 128 128
2023-06-07 17:40:06,019 [WARN] TasksAndQueuesTab:775 - max value is: 768.0
2023-06-07 17:40:08,441 [INFO] EditThreadDialog:704 - RAM SIZE (in KB): 20
2023-06-07 17:40:08,441 [INFO] EditThreadDialog:706 - RAM SIZE (in words): 5120
2023-06-07 17:40:42,454 [INFO] TasksAndQueuesTab:757 - Dynamic
2023-06-07 17:40:42,454 [WARN] TasksAndQueuesTab:763 - 128 128
2023-06-07 17:40:42,454 [WARN] TasksAndQueuesTab:775 - max value is: 768.0
2023-06-07 17:40:42,454 [INFO] TasksAndQueuesTab:757 - Dynamic
2023-06-07 17:40:42,454 [WARN] TasksAndQueuesTab:763 - 128 128
2023-06-07 17:40:42,454 [WARN] TasksAndQueuesTab:775 - max value is: 768.0
2023-06-07 17:40:42,454 [INFO] TasksAndQueuesTab:757 - Dynamic
2023-06-07 17:40:42,454 [WARN] TasksAndQueuesTab:763 - 128 128
2023-06-07 17:40:42,454 [WARN] TasksAndQueuesTab:775 - max value is: 768.0
2023-06-07 17:40:43,955 [INFO] EditThreadDialog:704 - RAM SIZE (in KB): 20
2023-06-07 17:40:43,955 [INFO] EditThreadDialog:706 - RAM SIZE (in words): 5120
2023-06-07 17:41:27,652 [INFO] TasksAndQueuesTab:757 - Dynamic
2023-06-07 17:41:27,652 [WARN] TasksAndQueuesTab:763 - 128 128
2023-06-07 17:41:27,652 [WARN] TasksAndQueuesTab:775 - max value is: 768.0
2023-06-07 17:41:27,652 [INFO] TasksAndQueuesTab:757 - Dynamic
2023-06-07 17:41:27,652 [WARN] TasksAndQueuesTab:763 - 128 128
2023-06-07 17:41:27,652 [WARN] TasksAndQueuesTab:775 - max value is: 768.0
2023-06-07 17:41:27,652 [INFO] TasksAndQueuesTab:757 - Dynamic
2023-06-07 17:41:27,652 [WARN] TasksAndQueuesTab:763 - 128 128
2023-06-07 17:41:27,652 [WARN] TasksAndQueuesTab:775 - max value is: 768.0
2023-06-07 17:41:29,684 [INFO] EditThreadDialog:704 - RAM SIZE (in KB): 20
2023-06-07 17:41:29,684 [INFO] EditThreadDialog:706 - RAM SIZE (in words): 5120
2023-06-07 17:42:06,449 [INFO] TasksAndQueuesTab:757 - Dynamic
2023-06-07 17:42:06,449 [WARN] TasksAndQueuesTab:763 - 128 128
2023-06-07 17:42:06,449 [WARN] TasksAndQueuesTab:775 - max value is: 768.0
2023-06-07 17:42:06,449 [INFO] TasksAndQueuesTab:757 - Dynamic
2023-06-07 17:42:06,449 [WARN] TasksAndQueuesTab:763 - 128 128
2023-06-07 17:42:06,449 [WARN] TasksAndQueuesTab:775 - max value is: 768.0
2023-06-07 17:42:06,449 [INFO] TasksAndQueuesTab:757 - Dynamic
2023-06-07 17:42:06,449 [WARN] TasksAndQueuesTab:763 - 128 128
2023-06-07 17:42:06,449 [WARN] TasksAndQueuesTab:775 - max value is: 768.0
2023-06-07 17:42:24,580 [INFO] UtilMem:75 - End SaveConfig() Used Memory: 636674240 Bytes (815792128)
2023-06-07 17:42:25,659 [INFO] UtilMem:75 - End SaveConfig() Used Memory: 482892848 Bytes (815792128)
2023-06-07 17:42:29,927 [INFO] UtilMem:75 - End SaveConfig() Used Memory: 546999360 Bytes (815792128)
2023-06-07 17:42:35,585 [INFO] BlockDiagram:2759 - set Specific Code input for plugin: NVIC
2023-06-07 17:42:35,585 [INFO] BlockDiagram:2759 - set Specific Code input for plugin: FREERTOS
2023-06-07 17:42:35,585 [INFO] BlockDiagram:2759 - set Specific Code input for plugin: USART
2023-06-07 17:42:35,585 [INFO] BlockDiagram:2759 - set Specific Code input for plugin: SYS
2023-06-07 17:42:35,585 [INFO] BlockDiagram:2759 - set Specific Code input for plugin: GPIO
2023-06-07 17:42:35,585 [INFO] BlockDiagram:2759 - set Specific Code input for plugin: CAN
2023-06-07 17:42:35,585 [INFO] BlockDiagram:2759 - set Specific Code input for plugin: RCC
2023-06-07 17:42:35,585 [INFO] CodeGenerator:793 - code generatio: config db path: C:\ST\STM32CubeIDE_1.12.0\STM32CubeIDE\plugins\com.st.stm32cube.common.mx_6.8.0.202302231600\\db\
2023-06-07 17:42:35,960 [INFO] CodeEngine:255 - oldGeneratedFile, D:\CAN\CAN_Test\MXTmpFiles\license.tmp_save
2023-06-07 17:42:36,522 [INFO] CodeEngine:279 - Generated code: D:\CAN\CAN_Test\MXTmpFiles\license.tmp
2023-06-07 17:42:36,663 [INFO] CodeEngine:255 - oldGeneratedFile, D:\CAN\CAN_Test\MXTmpFiles\gpio.tmp_save
2023-06-07 17:42:36,835 [INFO] CodeEngine:279 - Generated code: D:\CAN\CAN_Test\MXTmpFiles\gpio.tmp
2023-06-07 17:42:37,085 [INFO] Middleware:1439 - No code input for Bsp Dependency
2023-06-07 17:42:37,101 [INFO] CodeEngine:255 - oldGeneratedFile, D:\CAN\CAN_Test\MXTmpFiles\rtos_inc.tmp_save
2023-06-07 17:42:37,241 [INFO] CodeEngine:279 - Generated code: D:\CAN\CAN_Test\MXTmpFiles\rtos_inc.tmp
2023-06-07 17:42:37,257 [INFO] CodeEngine:255 - oldGeneratedFile, D:\CAN\CAN_Test\MXTmpFiles\rtos_kernelInit.tmp_save
2023-06-07 17:42:37,445 [INFO] CodeEngine:279 - Generated code: D:\CAN\CAN_Test\MXTmpFiles\rtos_kernelInit.tmp
2023-06-07 17:42:37,460 [INFO] CodeEngine:255 - oldGeneratedFile, D:\CAN\CAN_Test\MXTmpFiles\rtos_kernelStart.tmp_save
2023-06-07 17:42:37,570 [INFO] CodeEngine:279 - Generated code: D:\CAN\CAN_Test\MXTmpFiles\rtos_kernelStart.tmp
2023-06-07 17:42:37,585 [INFO] CodeEngine:255 - oldGeneratedFile, D:\CAN\CAN_Test\MXTmpFiles\rtos_typedefs.tmp_save
2023-06-07 17:42:37,726 [INFO] CodeEngine:279 - Generated code: D:\CAN\CAN_Test\MXTmpFiles\rtos_typedefs.tmp
2023-06-07 17:42:37,742 [INFO] CodeEngine:255 - oldGeneratedFile, D:\CAN\CAN_Test\MXTmpFiles\rtos_vars.tmp_save
2023-06-07 17:42:37,867 [INFO] CodeEngine:279 - Generated code: D:\CAN\CAN_Test\MXTmpFiles\rtos_vars.tmp
2023-06-07 17:42:37,882 [INFO] CodeEngine:255 - oldGeneratedFile, D:\CAN\CAN_Test\MXTmpFiles\rtos_pfp.tmp_save
2023-06-07 17:42:38,023 [INFO] CodeEngine:279 - Generated code: D:\CAN\CAN_Test\MXTmpFiles\rtos_pfp.tmp
2023-06-07 17:42:38,038 [INFO] CodeEngine:255 - oldGeneratedFile, D:\CAN\CAN_Test\MXTmpFiles\rtos_obj_creat.tmp_save
2023-06-07 17:42:38,148 [INFO] CodeEngine:279 - Generated code: D:\CAN\CAN_Test\MXTmpFiles\rtos_obj_creat.tmp
2023-06-07 17:42:38,164 [INFO] CodeEngine:255 - oldGeneratedFile, D:\CAN\CAN_Test\MXTmpFiles\rtos_default_thread.tmp_save
2023-06-07 17:42:38,273 [INFO] CodeEngine:279 - Generated code: D:\CAN\CAN_Test\MXTmpFiles\rtos_default_thread.tmp
2023-06-07 17:42:38,289 [INFO] CodeEngine:255 - oldGeneratedFile, D:\CAN\CAN_Test\MXTmpFiles\rtos_threads.tmp_save
2023-06-07 17:42:38,398 [INFO] CodeEngine:279 - Generated code: D:\CAN\CAN_Test\MXTmpFiles\rtos_threads.tmp
2023-06-07 17:42:38,398 [INFO] Middleware:1439 - No code input for Bsp Dependency
2023-06-07 17:42:38,414 [INFO] CodeEngine:255 - oldGeneratedFile, D:\CAN\CAN_Test\MXTmpFiles\rtos_inc.tmp_save
2023-06-07 17:42:38,539 [INFO] CodeEngine:279 - Generated code: D:\CAN\CAN_Test\MXTmpFiles\rtos_inc.tmp
2023-06-07 17:42:38,554 [INFO] CodeEngine:255 - oldGeneratedFile, D:\CAN\CAN_Test\MXTmpFiles\rtos_kernelInit.tmp_save
2023-06-07 17:42:38,648 [INFO] CodeEngine:279 - Generated code: D:\CAN\CAN_Test\MXTmpFiles\rtos_kernelInit.tmp
2023-06-07 17:42:38,648 [INFO] CodeEngine:255 - oldGeneratedFile, D:\CAN\CAN_Test\MXTmpFiles\rtos_kernelStart.tmp_save
2023-06-07 17:42:38,742 [INFO] CodeEngine:279 - Generated code: D:\CAN\CAN_Test\MXTmpFiles\rtos_kernelStart.tmp
2023-06-07 17:42:38,757 [INFO] CodeEngine:255 - oldGeneratedFile, D:\CAN\CAN_Test\MXTmpFiles\rtos_typedefs.tmp_save
2023-06-07 17:42:38,851 [INFO] CodeEngine:279 - Generated code: D:\CAN\CAN_Test\MXTmpFiles\rtos_typedefs.tmp
2023-06-07 17:42:38,867 [INFO] CodeEngine:255 - oldGeneratedFile, D:\CAN\CAN_Test\MXTmpFiles\rtos_vars.tmp_save
2023-06-07 17:42:38,945 [INFO] CodeEngine:279 - Generated code: D:\CAN\CAN_Test\MXTmpFiles\rtos_vars.tmp
2023-06-07 17:42:38,945 [INFO] CodeEngine:255 - oldGeneratedFile, D:\CAN\CAN_Test\MXTmpFiles\rtos_pfp.tmp_save
2023-06-07 17:42:39,023 [INFO] CodeEngine:279 - Generated code: D:\CAN\CAN_Test\MXTmpFiles\rtos_pfp.tmp
2023-06-07 17:42:39,039 [INFO] CodeEngine:255 - oldGeneratedFile, D:\CAN\CAN_Test\MXTmpFiles\rtos_obj_creat.tmp_save
2023-06-07 17:42:39,117 [INFO] CodeEngine:279 - Generated code: D:\CAN\CAN_Test\MXTmpFiles\rtos_obj_creat.tmp
2023-06-07 17:42:39,133 [INFO] CodeEngine:255 - oldGeneratedFile, D:\CAN\CAN_Test\MXTmpFiles\rtos_default_thread.tmp_save
2023-06-07 17:42:39,195 [INFO] CodeEngine:279 - Generated code: D:\CAN\CAN_Test\MXTmpFiles\rtos_default_thread.tmp
2023-06-07 17:42:39,195 [INFO] CodeEngine:255 - oldGeneratedFile, D:\CAN\CAN_Test\MXTmpFiles\rtos_threads.tmp_save
2023-06-07 17:42:39,336 [INFO] CodeEngine:279 - Generated code: D:\CAN\CAN_Test\MXTmpFiles\rtos_threads.tmp
2023-06-07 17:42:39,351 [INFO] CodeEngine:255 - oldGeneratedFile, D:\CAN\CAN_Test\Core\Inc\FreeRTOSConfig.h_save
2023-06-07 17:42:39,539 [INFO] CodeEngine:279 - Generated code: D:\CAN\CAN_Test\Core\Inc\FreeRTOSConfig.h
2023-06-07 17:42:39,555 [INFO] CodeEngine:255 - oldGeneratedFile, D:\CAN\CAN_Test\Core\Src\freertos.c_save
2023-06-07 17:42:39,726 [INFO] CodeEngine:279 - Generated code: D:\CAN\CAN_Test\Core\Src\freertos.c
2023-06-07 17:42:39,758 [INFO] CodeEngine:255 - oldGeneratedFile, D:\CAN\CAN_Test\Core\Src\stm32f1xx_it.c_save
2023-06-07 17:42:40,039 [INFO] CodeEngine:279 - Generated code: D:\CAN\CAN_Test\Core\Src\stm32f1xx_it.c
2023-06-07 17:42:40,055 [INFO] CodeEngine:255 - oldGeneratedFile, D:\CAN\CAN_Test\Core\Inc\stm32f1xx_it.h_save
2023-06-07 17:42:40,180 [INFO] CodeEngine:279 - Generated code: D:\CAN\CAN_Test\Core\Inc\stm32f1xx_it.h
2023-06-07 17:42:40,211 [INFO] CodeEngine:255 - oldGeneratedFile, D:\CAN\CAN_Test\Core\Src\stm32f1xx_hal_msp.c_save
2023-06-07 17:42:40,445 [INFO] CodeEngine:279 - Generated code: D:\CAN\CAN_Test\Core\Src\stm32f1xx_hal_msp.c
2023-06-07 17:42:40,461 [INFO] CodeEngine:255 - oldGeneratedFile, D:\CAN\CAN_Test\MXTmpFiles\system.tmp_save
2023-06-07 17:42:40,539 [INFO] CodeEngine:279 - Generated code: D:\CAN\CAN_Test\MXTmpFiles\system.tmp
2023-06-07 17:42:40,571 [INFO] CodeEngine:311 - oldGeneratedFile, D:\CAN\CAN_Test\Core\Inc\stm32f1xx_hal_conf.h_save
2023-06-07 17:42:40,742 [INFO] CodeEngine:335 - Generated code: D:\CAN\CAN_Test\Core\Inc\stm32f1xx_hal_conf.h
2023-06-07 17:42:40,805 [INFO] CodeEngine:255 - oldGeneratedFile, D:\CAN\CAN_Test\Core\Inc\main.h_save
2023-06-07 17:42:40,946 [INFO] CodeEngine:279 - Generated code: D:\CAN\CAN_Test\Core\Inc\main.h
2023-06-07 17:42:40,961 [INFO] CodeEngine:255 - oldGeneratedFile, D:\CAN\CAN_Test\Core\Src\main.c_save
2023-06-07 17:42:41,196 [INFO] CodeEngine:279 - Generated code: D:\CAN\CAN_Test\Core\Src\main.c
2023-06-07 17:42:42,618 [INFO] ProjectBuilder:2996 - Time for Copy HAL[1] : 328mS.
2023-06-07 17:42:42,634 [INFO] ProjectBuilder:4304 - Project Generator version: 3.19.2
2023-06-07 17:42:43,197 [INFO] ConfigFileManager:1483 - The Die is : DIE410
2023-06-07 17:42:43,212 [INFO] ApiDbMcu:507 - Load IP Config File for FATFS
2023-06-07 17:42:43,259 [INFO] ApiDbMcu:507 - Load IP Config File for USB_DEVICE
2023-06-07 17:42:44,994 [INFO] LogOutputStream:77 - [STDOUT_REDIRECT] 
2023-06-07 17:42:47,104 [INFO] ProjectBuilder:4505 - Time for Generating toolchain IDE Files: 4470mS.
2023-06-07 17:42:47,104 [INFO] ProjectBuilder:2867 - Time for Copy CMSIS : 0mS.
2023-06-07 17:42:47,104 [INFO] ProjectBuilder:2867 - Time for Copy CMSIS : 0mS.
2023-06-07 17:44:06,555 [INFO] Gpio:273 - dependency for GPIO [CAN, RCC, SYS, USART1]
2023-06-07 17:44:14,183 [INFO] Gpio:273 - dependency for GPIO [CAN, RCC, SYS, USART1]
2023-06-07 17:44:14,449 [INFO] Gpio:273 - dependency for GPIO [CAN, RCC, SYS, USART1]
2023-06-07 17:44:25,484 [INFO] UtilMem:75 - End SaveConfig() Used Memory: 527946392 Bytes (850395136)
2023-06-07 17:44:25,609 [INFO] UtilMem:75 - End SaveConfig() Used Memory: 537534840 Bytes (850395136)
2023-06-07 17:44:27,313 [INFO] UtilMem:75 - End SaveConfig() Used Memory: 618273144 Bytes (850395136)
2023-06-07 17:44:28,845 [INFO] BlockDiagram:2759 - set Specific Code input for plugin: NVIC
2023-06-07 17:44:28,845 [INFO] BlockDiagram:2759 - set Specific Code input for plugin: FREERTOS
2023-06-07 17:44:28,845 [INFO] BlockDiagram:2759 - set Specific Code input for plugin: USART
2023-06-07 17:44:28,845 [INFO] BlockDiagram:2759 - set Specific Code input for plugin: SYS
2023-06-07 17:44:28,845 [INFO] BlockDiagram:2759 - set Specific Code input for plugin: GPIO
2023-06-07 17:44:28,845 [INFO] BlockDiagram:2759 - set Specific Code input for plugin: CAN
2023-06-07 17:44:28,845 [INFO] BlockDiagram:2759 - set Specific Code input for plugin: RCC
2023-06-07 17:44:28,845 [INFO] CodeGenerator:793 - code generatio: config db path: C:\ST\STM32CubeIDE_1.12.0\STM32CubeIDE\plugins\com.st.stm32cube.common.mx_6.8.0.202302231600\\db\
2023-06-07 17:44:29,096 [INFO] CodeEngine:255 - oldGeneratedFile, D:\CAN\CAN_Test\MXTmpFiles\license.tmp_save
2023-06-07 17:44:29,236 [INFO] CodeEngine:279 - Generated code: D:\CAN\CAN_Test\MXTmpFiles\license.tmp
2023-06-07 17:44:29,268 [INFO] CodeEngine:255 - oldGeneratedFile, D:\CAN\CAN_Test\MXTmpFiles\gpio.tmp_save
2023-06-07 17:44:29,424 [INFO] CodeEngine:279 - Generated code: D:\CAN\CAN_Test\MXTmpFiles\gpio.tmp
2023-06-07 17:44:29,596 [INFO] Middleware:1439 - No code input for Bsp Dependency
2023-06-07 17:44:29,596 [INFO] CodeEngine:255 - oldGeneratedFile, D:\CAN\CAN_Test\MXTmpFiles\rtos_inc.tmp_save
2023-06-07 17:44:29,721 [INFO] CodeEngine:279 - Generated code: D:\CAN\CAN_Test\MXTmpFiles\rtos_inc.tmp
2023-06-07 17:44:29,799 [INFO] CodeEngine:255 - oldGeneratedFile, D:\CAN\CAN_Test\MXTmpFiles\rtos_kernelInit.tmp_save
2023-06-07 17:44:29,894 [INFO] CodeEngine:279 - Generated code: D:\CAN\CAN_Test\MXTmpFiles\rtos_kernelInit.tmp
2023-06-07 17:44:29,909 [INFO] CodeEngine:255 - oldGeneratedFile, D:\CAN\CAN_Test\MXTmpFiles\rtos_kernelStart.tmp_save
2023-06-07 17:44:30,003 [INFO] CodeEngine:279 - Generated code: D:\CAN\CAN_Test\MXTmpFiles\rtos_kernelStart.tmp
2023-06-07 17:44:30,019 [INFO] CodeEngine:255 - oldGeneratedFile, D:\CAN\CAN_Test\MXTmpFiles\rtos_typedefs.tmp_save
2023-06-07 17:44:30,159 [INFO] CodeEngine:279 - Generated code: D:\CAN\CAN_Test\MXTmpFiles\rtos_typedefs.tmp
2023-06-07 17:44:30,159 [INFO] CodeEngine:255 - oldGeneratedFile, D:\CAN\CAN_Test\MXTmpFiles\rtos_vars.tmp_save
2023-06-07 17:44:30,253 [INFO] CodeEngine:279 - Generated code: D:\CAN\CAN_Test\MXTmpFiles\rtos_vars.tmp
2023-06-07 17:44:30,269 [INFO] CodeEngine:255 - oldGeneratedFile, D:\CAN\CAN_Test\MXTmpFiles\rtos_pfp.tmp_save
2023-06-07 17:44:30,347 [INFO] CodeEngine:279 - Generated code: D:\CAN\CAN_Test\MXTmpFiles\rtos_pfp.tmp
2023-06-07 17:44:30,347 [INFO] CodeEngine:255 - oldGeneratedFile, D:\CAN\CAN_Test\MXTmpFiles\rtos_obj_creat.tmp_save
2023-06-07 17:44:30,441 [INFO] CodeEngine:279 - Generated code: D:\CAN\CAN_Test\MXTmpFiles\rtos_obj_creat.tmp
2023-06-07 17:44:30,441 [INFO] CodeEngine:255 - oldGeneratedFile, D:\CAN\CAN_Test\MXTmpFiles\rtos_default_thread.tmp_save
2023-06-07 17:44:30,519 [INFO] CodeEngine:279 - Generated code: D:\CAN\CAN_Test\MXTmpFiles\rtos_default_thread.tmp
2023-06-07 17:44:30,519 [INFO] CodeEngine:255 - oldGeneratedFile, D:\CAN\CAN_Test\MXTmpFiles\rtos_threads.tmp_save
2023-06-07 17:44:30,613 [INFO] CodeEngine:279 - Generated code: D:\CAN\CAN_Test\MXTmpFiles\rtos_threads.tmp
2023-06-07 17:44:30,628 [INFO] Middleware:1439 - No code input for Bsp Dependency
2023-06-07 17:44:30,644 [INFO] CodeEngine:255 - oldGeneratedFile, D:\CAN\CAN_Test\MXTmpFiles\rtos_inc.tmp_save
2023-06-07 17:44:30,769 [INFO] CodeEngine:279 - Generated code: D:\CAN\CAN_Test\MXTmpFiles\rtos_inc.tmp
2023-06-07 17:44:30,769 [INFO] CodeEngine:255 - oldGeneratedFile, D:\CAN\CAN_Test\MXTmpFiles\rtos_kernelInit.tmp_save
2023-06-07 17:44:30,863 [INFO] CodeEngine:279 - Generated code: D:\CAN\CAN_Test\MXTmpFiles\rtos_kernelInit.tmp
2023-06-07 17:44:30,863 [INFO] CodeEngine:255 - oldGeneratedFile, D:\CAN\CAN_Test\MXTmpFiles\rtos_kernelStart.tmp_save
2023-06-07 17:44:30,941 [INFO] CodeEngine:279 - Generated code: D:\CAN\CAN_Test\MXTmpFiles\rtos_kernelStart.tmp
2023-06-07 17:44:30,941 [INFO] CodeEngine:255 - oldGeneratedFile, D:\CAN\CAN_Test\MXTmpFiles\rtos_typedefs.tmp_save
2023-06-07 17:44:31,019 [INFO] CodeEngine:279 - Generated code: D:\CAN\CAN_Test\MXTmpFiles\rtos_typedefs.tmp
2023-06-07 17:44:31,019 [INFO] CodeEngine:255 - oldGeneratedFile, D:\CAN\CAN_Test\MXTmpFiles\rtos_vars.tmp_save
2023-06-07 17:44:31,113 [INFO] CodeEngine:279 - Generated code: D:\CAN\CAN_Test\MXTmpFiles\rtos_vars.tmp
2023-06-07 17:44:31,113 [INFO] CodeEngine:255 - oldGeneratedFile, D:\CAN\CAN_Test\MXTmpFiles\rtos_pfp.tmp_save
2023-06-07 17:44:31,207 [INFO] CodeEngine:279 - Generated code: D:\CAN\CAN_Test\MXTmpFiles\rtos_pfp.tmp
2023-06-07 17:44:31,207 [INFO] CodeEngine:255 - oldGeneratedFile, D:\CAN\CAN_Test\MXTmpFiles\rtos_obj_creat.tmp_save
2023-06-07 17:44:31,300 [INFO] CodeEngine:279 - Generated code: D:\CAN\CAN_Test\MXTmpFiles\rtos_obj_creat.tmp
2023-06-07 17:44:31,300 [INFO] CodeEngine:255 - oldGeneratedFile, D:\CAN\CAN_Test\MXTmpFiles\rtos_default_thread.tmp_save
2023-06-07 17:44:31,378 [INFO] CodeEngine:279 - Generated code: D:\CAN\CAN_Test\MXTmpFiles\rtos_default_thread.tmp
2023-06-07 17:44:31,378 [INFO] CodeEngine:255 - oldGeneratedFile, D:\CAN\CAN_Test\MXTmpFiles\rtos_threads.tmp_save
2023-06-07 17:44:31,457 [INFO] CodeEngine:279 - Generated code: D:\CAN\CAN_Test\MXTmpFiles\rtos_threads.tmp
2023-06-07 17:44:31,472 [INFO] CodeEngine:255 - oldGeneratedFile, D:\CAN\CAN_Test\Core\Inc\FreeRTOSConfig.h_save
2023-06-07 17:44:31,582 [INFO] CodeEngine:279 - Generated code: D:\CAN\CAN_Test\Core\Inc\FreeRTOSConfig.h
2023-06-07 17:44:31,613 [INFO] CodeEngine:255 - oldGeneratedFile, D:\CAN\CAN_Test\Core\Src\freertos.c_save
2023-06-07 17:44:31,738 [INFO] CodeEngine:279 - Generated code: D:\CAN\CAN_Test\Core\Src\freertos.c
2023-06-07 17:44:31,769 [INFO] CodeEngine:255 - oldGeneratedFile, D:\CAN\CAN_Test\Core\Src\stm32f1xx_it.c_save
2023-06-07 17:44:31,894 [INFO] CodeEngine:279 - Generated code: D:\CAN\CAN_Test\Core\Src\stm32f1xx_it.c
2023-06-07 17:44:31,910 [INFO] CodeEngine:255 - oldGeneratedFile, D:\CAN\CAN_Test\Core\Inc\stm32f1xx_it.h_save
2023-06-07 17:44:32,019 [INFO] CodeEngine:279 - Generated code: D:\CAN\CAN_Test\Core\Inc\stm32f1xx_it.h
2023-06-07 17:44:32,035 [INFO] CodeEngine:255 - oldGeneratedFile, D:\CAN\CAN_Test\Core\Src\stm32f1xx_hal_msp.c_save
2023-06-07 17:44:32,238 [INFO] CodeEngine:279 - Generated code: D:\CAN\CAN_Test\Core\Src\stm32f1xx_hal_msp.c
2023-06-07 17:44:32,254 [INFO] CodeEngine:255 - oldGeneratedFile, D:\CAN\CAN_Test\MXTmpFiles\system.tmp_save
2023-06-07 17:44:32,363 [INFO] CodeEngine:279 - Generated code: D:\CAN\CAN_Test\MXTmpFiles\system.tmp
2023-06-07 17:44:32,379 [INFO] CodeEngine:311 - oldGeneratedFile, D:\CAN\CAN_Test\Core\Inc\stm32f1xx_hal_conf.h_save
2023-06-07 17:44:32,519 [INFO] CodeEngine:335 - Generated code: D:\CAN\CAN_Test\Core\Inc\stm32f1xx_hal_conf.h
2023-06-07 17:44:32,582 [INFO] CodeEngine:255 - oldGeneratedFile, D:\CAN\CAN_Test\Core\Inc\main.h_save
2023-06-07 17:44:32,691 [INFO] CodeEngine:279 - Generated code: D:\CAN\CAN_Test\Core\Inc\main.h
2023-06-07 17:44:32,707 [INFO] CodeEngine:255 - oldGeneratedFile, D:\CAN\CAN_Test\Core\Src\main.c_save
2023-06-07 17:44:32,848 [INFO] CodeEngine:279 - Generated code: D:\CAN\CAN_Test\Core\Src\main.c
2023-06-07 17:44:33,958 [INFO] ProjectBuilder:2996 - Time for Copy HAL[1] : 297mS.
2023-06-07 17:44:33,973 [INFO] ProjectBuilder:4304 - Project Generator version: 3.19.2
2023-06-07 17:44:34,458 [INFO] ConfigFileManager:1483 - The Die is : DIE410
2023-06-07 17:44:36,755 [INFO] ProjectBuilder:4505 - Time for Generating toolchain IDE Files: 2751mS.
2023-06-07 17:44:36,755 [INFO] ProjectBuilder:2867 - Time for Copy CMSIS : 0mS.
2023-06-07 17:44:36,771 [INFO] ProjectBuilder:2867 - Time for Copy CMSIS : 0mS.
2023-06-07 17:52:15,397 [INFO] Gpio:273 - dependency for GPIO [CAN, RCC, SYS, USART1]
2023-06-07 17:52:15,459 [ERROR] RtosPanel:558 - Can not restore the selected Tab for FREERTOS(A reason can be that the tab is no more available.)
2023-06-07 17:52:17,022 [INFO] TasksAndQueuesTab:757 - Dynamic
2023-06-07 17:52:17,022 [WARN] TasksAndQueuesTab:763 - 128 128
2023-06-07 17:52:17,022 [WARN] TasksAndQueuesTab:775 - max value is: 768.0
2023-06-07 17:52:17,022 [INFO] TasksAndQueuesTab:757 - Dynamic
2023-06-07 17:52:17,022 [WARN] TasksAndQueuesTab:763 - 128 128
2023-06-07 17:52:17,022 [WARN] TasksAndQueuesTab:775 - max value is: 768.0
2023-06-07 17:52:17,022 [INFO] TasksAndQueuesTab:757 - Dynamic
2023-06-07 17:52:17,022 [WARN] TasksAndQueuesTab:763 - 128 128
2023-06-07 17:52:17,022 [WARN] TasksAndQueuesTab:775 - max value is: 768.0
2023-06-07 17:52:19,336 [INFO] EditThreadDialog:704 - RAM SIZE (in KB): 20
2023-06-07 17:52:19,336 [INFO] EditThreadDialog:706 - RAM SIZE (in words): 5120
2023-06-07 17:52:28,480 [INFO] TasksAndQueuesTab:757 - Dynamic
2023-06-07 17:52:28,480 [WARN] TasksAndQueuesTab:763 - 128 128
2023-06-07 17:52:28,480 [WARN] TasksAndQueuesTab:775 - max value is: 768.0
2023-06-07 17:52:28,480 [INFO] TasksAndQueuesTab:757 - Dynamic
2023-06-07 17:52:28,480 [WARN] TasksAndQueuesTab:763 - 128 128
2023-06-07 17:52:28,480 [WARN] TasksAndQueuesTab:775 - max value is: 768.0
2023-06-07 17:52:28,480 [INFO] TasksAndQueuesTab:757 - Dynamic
2023-06-07 17:52:28,480 [WARN] TasksAndQueuesTab:763 - 128 128
2023-06-07 17:52:28,480 [WARN] TasksAndQueuesTab:775 - max value is: 768.0
2023-06-07 17:52:32,842 [INFO] EditThreadDialog:704 - RAM SIZE (in KB): 20
2023-06-07 17:52:32,842 [INFO] EditThreadDialog:706 - RAM SIZE (in words): 5120
2023-06-07 17:52:40,392 [INFO] TasksAndQueuesTab:757 - Dynamic
2023-06-07 17:52:40,392 [WARN] TasksAndQueuesTab:763 - 128 128
2023-06-07 17:52:40,392 [WARN] TasksAndQueuesTab:775 - max value is: 768.0
2023-06-07 17:52:40,392 [INFO] TasksAndQueuesTab:757 - Dynamic
2023-06-07 17:52:40,392 [WARN] TasksAndQueuesTab:763 - 128 128
2023-06-07 17:52:40,392 [WARN] TasksAndQueuesTab:775 - max value is: 768.0
2023-06-07 17:52:40,392 [INFO] TasksAndQueuesTab:757 - Dynamic
2023-06-07 17:52:40,392 [WARN] TasksAndQueuesTab:763 - 128 128
2023-06-07 17:52:40,392 [WARN] TasksAndQueuesTab:775 - max value is: 768.0
2023-06-07 17:52:42,471 [INFO] EditThreadDialog:704 - RAM SIZE (in KB): 20
2023-06-07 17:52:42,471 [INFO] EditThreadDialog:706 - RAM SIZE (in words): 5120
2023-06-07 17:52:45,832 [INFO] UtilMem:75 - End SaveConfig() Used Memory: 759385872 Bytes (916455424)
2023-06-07 17:52:45,941 [INFO] UtilMem:75 - End SaveConfig() Used Memory: 566603040 Bytes (916455424)
2023-06-07 17:52:46,551 [INFO] UtilMem:75 - End SaveConfig() Used Memory: 526373272 Bytes (916455424)
2023-06-07 17:52:47,833 [INFO] BlockDiagram:2759 - set Specific Code input for plugin: NVIC
2023-06-07 17:52:47,833 [INFO] BlockDiagram:2759 - set Specific Code input for plugin: FREERTOS
2023-06-07 17:52:47,833 [INFO] BlockDiagram:2759 - set Specific Code input for plugin: USART
2023-06-07 17:52:47,833 [INFO] BlockDiagram:2759 - set Specific Code input for plugin: SYS
2023-06-07 17:52:47,833 [INFO] BlockDiagram:2759 - set Specific Code input for plugin: GPIO
2023-06-07 17:52:47,833 [INFO] BlockDiagram:2759 - set Specific Code input for plugin: CAN
2023-06-07 17:52:47,833 [INFO] BlockDiagram:2759 - set Specific Code input for plugin: RCC
2023-06-07 17:52:47,833 [INFO] CodeGenerator:793 - code generatio: config db path: C:\ST\STM32CubeIDE_1.12.0\STM32CubeIDE\plugins\com.st.stm32cube.common.mx_6.8.0.202302231600\\db\
2023-06-07 17:52:48,020 [INFO] CodeEngine:255 - oldGeneratedFile, D:\CAN\CAN_Test\MXTmpFiles\license.tmp_save
2023-06-07 17:52:48,114 [INFO] CodeEngine:279 - Generated code: D:\CAN\CAN_Test\MXTmpFiles\license.tmp
2023-06-07 17:52:48,130 [INFO] CodeEngine:255 - oldGeneratedFile, D:\CAN\CAN_Test\MXTmpFiles\gpio.tmp_save
2023-06-07 17:52:48,239 [INFO] CodeEngine:279 - Generated code: D:\CAN\CAN_Test\MXTmpFiles\gpio.tmp
2023-06-07 17:52:48,333 [INFO] Middleware:1439 - No code input for Bsp Dependency
2023-06-07 17:52:48,333 [INFO] CodeEngine:255 - oldGeneratedFile, D:\CAN\CAN_Test\MXTmpFiles\rtos_inc.tmp_save
2023-06-07 17:52:48,442 [INFO] CodeEngine:279 - Generated code: D:\CAN\CAN_Test\MXTmpFiles\rtos_inc.tmp
2023-06-07 17:52:48,442 [INFO] CodeEngine:255 - oldGeneratedFile, D:\CAN\CAN_Test\MXTmpFiles\rtos_kernelInit.tmp_save
2023-06-07 17:52:48,505 [INFO] CodeEngine:279 - Generated code: D:\CAN\CAN_Test\MXTmpFiles\rtos_kernelInit.tmp
2023-06-07 17:52:48,520 [INFO] CodeEngine:255 - oldGeneratedFile, D:\CAN\CAN_Test\MXTmpFiles\rtos_kernelStart.tmp_save
2023-06-07 17:52:48,583 [INFO] CodeEngine:279 - Generated code: D:\CAN\CAN_Test\MXTmpFiles\rtos_kernelStart.tmp
2023-06-07 17:52:48,583 [INFO] CodeEngine:255 - oldGeneratedFile, D:\CAN\CAN_Test\MXTmpFiles\rtos_typedefs.tmp_save
2023-06-07 17:52:48,645 [INFO] CodeEngine:279 - Generated code: D:\CAN\CAN_Test\MXTmpFiles\rtos_typedefs.tmp
2023-06-07 17:52:48,645 [INFO] CodeEngine:255 - oldGeneratedFile, D:\CAN\CAN_Test\MXTmpFiles\rtos_vars.tmp_save
2023-06-07 17:52:48,739 [INFO] CodeEngine:279 - Generated code: D:\CAN\CAN_Test\MXTmpFiles\rtos_vars.tmp
2023-06-07 17:52:48,739 [INFO] CodeEngine:255 - oldGeneratedFile, D:\CAN\CAN_Test\MXTmpFiles\rtos_pfp.tmp_save
2023-06-07 17:52:48,802 [INFO] CodeEngine:279 - Generated code: D:\CAN\CAN_Test\MXTmpFiles\rtos_pfp.tmp
2023-06-07 17:52:48,802 [INFO] CodeEngine:255 - oldGeneratedFile, D:\CAN\CAN_Test\MXTmpFiles\rtos_obj_creat.tmp_save
2023-06-07 17:52:48,880 [INFO] CodeEngine:279 - Generated code: D:\CAN\CAN_Test\MXTmpFiles\rtos_obj_creat.tmp
2023-06-07 17:52:48,880 [INFO] CodeEngine:255 - oldGeneratedFile, D:\CAN\CAN_Test\MXTmpFiles\rtos_default_thread.tmp_save
2023-06-07 17:52:49,020 [INFO] CodeEngine:279 - Generated code: D:\CAN\CAN_Test\MXTmpFiles\rtos_default_thread.tmp
2023-06-07 17:52:49,020 [INFO] CodeEngine:255 - oldGeneratedFile, D:\CAN\CAN_Test\MXTmpFiles\rtos_threads.tmp_save
2023-06-07 17:52:49,083 [INFO] CodeEngine:279 - Generated code: D:\CAN\CAN_Test\MXTmpFiles\rtos_threads.tmp
2023-06-07 17:52:49,099 [INFO] Middleware:1439 - No code input for Bsp Dependency
2023-06-07 17:52:49,114 [INFO] CodeEngine:255 - oldGeneratedFile, D:\CAN\CAN_Test\MXTmpFiles\rtos_inc.tmp_save
2023-06-07 17:52:49,271 [INFO] CodeEngine:279 - Generated code: D:\CAN\CAN_Test\MXTmpFiles\rtos_inc.tmp
2023-06-07 17:52:49,286 [INFO] CodeEngine:255 - oldGeneratedFile, D:\CAN\CAN_Test\MXTmpFiles\rtos_kernelInit.tmp_save
2023-06-07 17:52:49,349 [INFO] CodeEngine:279 - Generated code: D:\CAN\CAN_Test\MXTmpFiles\rtos_kernelInit.tmp
2023-06-07 17:52:49,349 [INFO] CodeEngine:255 - oldGeneratedFile, D:\CAN\CAN_Test\MXTmpFiles\rtos_kernelStart.tmp_save
2023-06-07 17:52:49,411 [INFO] CodeEngine:279 - Generated code: D:\CAN\CAN_Test\MXTmpFiles\rtos_kernelStart.tmp
2023-06-07 17:52:49,411 [INFO] CodeEngine:255 - oldGeneratedFile, D:\CAN\CAN_Test\MXTmpFiles\rtos_typedefs.tmp_save
2023-06-07 17:52:49,489 [INFO] CodeEngine:279 - Generated code: D:\CAN\CAN_Test\MXTmpFiles\rtos_typedefs.tmp
2023-06-07 17:52:49,505 [INFO] CodeEngine:255 - oldGeneratedFile, D:\CAN\CAN_Test\MXTmpFiles\rtos_vars.tmp_save
2023-06-07 17:52:49,567 [INFO] CodeEngine:279 - Generated code: D:\CAN\CAN_Test\MXTmpFiles\rtos_vars.tmp
2023-06-07 17:52:49,567 [INFO] CodeEngine:255 - oldGeneratedFile, D:\CAN\CAN_Test\MXTmpFiles\rtos_pfp.tmp_save
2023-06-07 17:52:49,630 [INFO] CodeEngine:279 - Generated code: D:\CAN\CAN_Test\MXTmpFiles\rtos_pfp.tmp
2023-06-07 17:52:49,646 [INFO] CodeEngine:255 - oldGeneratedFile, D:\CAN\CAN_Test\MXTmpFiles\rtos_obj_creat.tmp_save
2023-06-07 17:52:49,724 [INFO] CodeEngine:279 - Generated code: D:\CAN\CAN_Test\MXTmpFiles\rtos_obj_creat.tmp
2023-06-07 17:52:49,724 [INFO] CodeEngine:255 - oldGeneratedFile, D:\CAN\CAN_Test\MXTmpFiles\rtos_default_thread.tmp_save
2023-06-07 17:52:49,786 [INFO] CodeEngine:279 - Generated code: D:\CAN\CAN_Test\MXTmpFiles\rtos_default_thread.tmp
2023-06-07 17:52:49,786 [INFO] CodeEngine:255 - oldGeneratedFile, D:\CAN\CAN_Test\MXTmpFiles\rtos_threads.tmp_save
2023-06-07 17:52:49,849 [INFO] CodeEngine:279 - Generated code: D:\CAN\CAN_Test\MXTmpFiles\rtos_threads.tmp
2023-06-07 17:52:49,864 [INFO] CodeEngine:255 - oldGeneratedFile, D:\CAN\CAN_Test\Core\Inc\FreeRTOSConfig.h_save
2023-06-07 17:52:49,943 [INFO] CodeEngine:279 - Generated code: D:\CAN\CAN_Test\Core\Inc\FreeRTOSConfig.h
2023-06-07 17:52:49,958 [INFO] CodeEngine:255 - oldGeneratedFile, D:\CAN\CAN_Test\Core\Src\freertos.c_save
2023-06-07 17:52:50,021 [INFO] CodeEngine:279 - Generated code: D:\CAN\CAN_Test\Core\Src\freertos.c
2023-06-07 17:52:50,036 [INFO] CodeEngine:255 - oldGeneratedFile, D:\CAN\CAN_Test\Core\Src\stm32f1xx_it.c_save
2023-06-07 17:52:50,130 [INFO] CodeEngine:279 - Generated code: D:\CAN\CAN_Test\Core\Src\stm32f1xx_it.c
2023-06-07 17:52:50,130 [INFO] CodeEngine:255 - oldGeneratedFile, D:\CAN\CAN_Test\Core\Inc\stm32f1xx_it.h_save
2023-06-07 17:52:50,208 [INFO] CodeEngine:279 - Generated code: D:\CAN\CAN_Test\Core\Inc\stm32f1xx_it.h
2023-06-07 17:52:50,224 [INFO] CodeEngine:255 - oldGeneratedFile, D:\CAN\CAN_Test\Core\Src\stm32f1xx_hal_msp.c_save
2023-06-07 17:52:50,333 [INFO] CodeEngine:279 - Generated code: D:\CAN\CAN_Test\Core\Src\stm32f1xx_hal_msp.c
2023-06-07 17:52:50,333 [INFO] CodeEngine:255 - oldGeneratedFile, D:\CAN\CAN_Test\MXTmpFiles\system.tmp_save
2023-06-07 17:52:50,396 [INFO] CodeEngine:279 - Generated code: D:\CAN\CAN_Test\MXTmpFiles\system.tmp
2023-06-07 17:52:50,412 [INFO] CodeEngine:311 - oldGeneratedFile, D:\CAN\CAN_Test\Core\Inc\stm32f1xx_hal_conf.h_save
2023-06-07 17:52:50,505 [INFO] CodeEngine:335 - Generated code: D:\CAN\CAN_Test\Core\Inc\stm32f1xx_hal_conf.h
2023-06-07 17:52:50,552 [INFO] CodeEngine:255 - oldGeneratedFile, D:\CAN\CAN_Test\Core\Inc\main.h_save
2023-06-07 17:52:50,646 [INFO] CodeEngine:279 - Generated code: D:\CAN\CAN_Test\Core\Inc\main.h
2023-06-07 17:52:50,646 [INFO] CodeEngine:255 - oldGeneratedFile, D:\CAN\CAN_Test\Core\Src\main.c_save
2023-06-07 17:52:50,818 [INFO] CodeEngine:279 - Generated code: D:\CAN\CAN_Test\Core\Src\main.c
2023-06-07 17:52:51,787 [INFO] ProjectBuilder:2996 - Time for Copy HAL[1] : 266mS.
2023-06-07 17:52:51,787 [INFO] ProjectBuilder:4304 - Project Generator version: 3.19.2
2023-06-07 17:52:52,350 [INFO] ConfigFileManager:1483 - The Die is : DIE410
2023-06-07 17:52:54,725 [INFO] ProjectBuilder:4505 - Time for Generating toolchain IDE Files: 2938mS.
2023-06-07 17:52:54,725 [INFO] ProjectBuilder:2867 - Time for Copy CMSIS : 0mS.
2023-06-07 17:52:54,741 [INFO] ProjectBuilder:2867 - Time for Copy CMSIS : 0mS.
